{"meta": {"format": 3, "version": "7.10.7", "timestamp": "2025-10-14T11:56:17.463055", "branch_coverage": false, "show_contexts": false}, "files": {"src/api/dependencies/__init__.py": {"executed_lines": [1, 2, 10], "summary": {"covered_lines": 2, "num_statements": 2, "percent_covered": 100.0, "percent_covered_display": "100", "missing_lines": 0, "excluded_lines": 0}, "missing_lines": [], "excluded_lines": [], "functions": {"": {"executed_lines": [1, 2, 10], "summary": {"covered_lines": 2, "num_statements": 2, "percent_covered": 100.0, "percent_covered_display": "100", "missing_lines": 0, "excluded_lines": 0}, "missing_lines": [], "excluded_lines": []}}, "classes": {"": {"executed_lines": [1, 2, 10], "summary": {"covered_lines": 2, "num_statements": 2, "percent_covered": 100.0, "percent_covered_display": "100", "missing_lines": 0, "excluded_lines": 0}, "missing_lines": [], "excluded_lines": []}}}, "src/api/dependencies/common.py": {"executed_lines": [1, 2, 3, 4, 5, 7, 8, 9, 10, 13, 14, 16, 19, 21, 24, 35, 37, 40, 42], "summary": {"covered_lines": 18, "num_statements": 22, "percent_covered": 81.81818181818181, "percent_covered_display": "82", "missing_lines": 4, "excluded_lines": 0}, "missing_lines": [28, 29, 31, 32], "excluded_lines": [], "functions": {"get_settings": {"executed_lines": [16], "summary": {"covered_lines": 1, "num_statements": 1, "percent_covered": 100.0, "percent_covered_display": "100", "missing_lines": 0, "excluded_lines": 0}, "missing_lines": [], "excluded_lines": []}, "get_db_manager": {"executed_lines": [21], "summary": {"covered_lines": 1, "num_statements": 1, "percent_covered": 100.0, "percent_covered_display": "100", "missing_lines": 0, "excluded_lines": 0}, "missing_lines": [], "excluded_lines": []}, "get_db": {"executed_lines": [], "summary": {"covered_lines": 0, "num_statements": 4, "percent_covered": 0.0, "percent_covered_display": "0", "missing_lines": 4, "excluded_lines": 0}, "missing_lines": [28, 29, 31, 32], "excluded_lines": []}, "get_cache": {"executed_lines": [37], "summary": {"covered_lines": 1, "num_statements": 1, "percent_covered": 100.0, "percent_covered_display": "100", "missing_lines": 0, "excluded_lines": 0}, "missing_lines": [], "excluded_lines": []}, "get_sql_generator": {"executed_lines": [42], "summary": {"covered_lines": 1, "num_statements": 1, "percent_covered": 100.0, "percent_covered_display": "100", "missing_lines": 0, "excluded_lines": 0}, "missing_lines": [], "excluded_lines": []}, "": {"executed_lines": [1, 2, 3, 4, 5, 7, 8, 9, 10, 13, 14, 19, 24, 35, 40], "summary": {"covered_lines": 14, "num_statements": 14, "percent_covered": 100.0, "percent_covered_display": "100", "missing_lines": 0, "excluded_lines": 0}, "missing_lines": [], "excluded_lines": []}}, "classes": {"": {"executed_lines": [1, 2, 3, 4, 5, 7, 8, 9, 10, 13, 14, 16, 19, 21, 24, 35, 37, 40, 42], "summary": {"covered_lines": 18, "num_statements": 22, "percent_covered": 81.81818181818181, "percent_covered_display": "82", "missing_lines": 4, "excluded_lines": 0}, "missing_lines": [28, 29, 31, 32], "excluded_lines": []}}}, "src/api/endpoints/__init__.py": {"executed_lines": [1], "summary": {"covered_lines": 0, "num_statements": 0, "percent_covered": 100.0, "percent_covered_display": "100", "missing_lines": 0, "excluded_lines": 0}, "missing_lines": [], "excluded_lines": [], "functions": {"": {"executed_lines": [1], "summary": {"covered_lines": 0, "num_statements": 0, "percent_covered": 100.0, "percent_covered_display": "100", "missing_lines": 0, "excluded_lines": 0}, "missing_lines": [], "excluded_lines": []}}, "classes": {"": {"executed_lines": [1], "summary": {"covered_lines": 0, "num_statements": 0, "percent_covered": 100.0, "percent_covered_display": "100", "missing_lines": 0, "excluded_lines": 0}, "missing_lines": [], "excluded_lines": []}}}, "src/api/endpoints/chat.py": {"executed_lines": [1, 2, 3, 4, 5, 6, 7, 8, 10, 11, 13, 15, 19, 20, 21, 22, 23, 26, 27, 28, 29, 32, 33, 34, 35, 36, 37, 40, 41, 42, 43, 44, 45, 46, 47, 48, 49, 50, 52, 53, 56, 57, 58, 59, 60, 61, 64, 65, 66, 67, 68, 69, 70, 71, 72, 74, 75, 79, 80, 152, 153, 222, 223, 286, 287, 378, 379, 410, 411, 462, 463], "summary": {"covered_lines": 64, "num_statements": 190, "percent_covered": 33.68421052631579, "percent_covered_display": "34", "missing_lines": 126, "excluded_lines": 0}, "missing_lines": [85, 87, 88, 93, 95, 96, 102, 108, 109, 110, 113, 114, 115, 120, 130, 142, 143, 144, 145, 146, 160, 161, 163, 164, 166, 168, 169, 172, 173, 175, 176, 177, 182, 193, 196, 198, 212, 214, 215, 216, 228, 229, 232, 234, 235, 241, 242, 243, 248, 259, 262, 264, 276, 277, 278, 279, 280, 293, 294, 297, 299, 300, 306, 307, 309, 311, 316, 318, 319, 324, 326, 327, 329, 330, 333, 334, 335, 340, 351, 354, 356, 368, 369, 370, 371, 372, 384, 385, 388, 390, 391, 396, 397, 399, 400, 401, 402, 403, 418, 420, 423, 424, 430, 437, 439, 452, 453, 454, 455, 456, 469, 471, 474, 476, 477, 483, 491, 494, 496, 497, 499, 509, 510, 511, 512, 513], "excluded_lines": [], "functions": {"create_chat_session": {"executed_lines": [], "summary": {"covered_lines": 0, "num_statements": 20, "percent_covered": 0.0, "percent_covered_display": "0", "missing_lines": 20, "excluded_lines": 0}, "missing_lines": [85, 87, 88, 93, 95, 96, 102, 108, 109, 110, 113, 114, 115, 120, 130, 142, 143, 144, 145, 146], "excluded_lines": []}, "list_chat_sessions": {"executed_lines": [], "summary": {"covered_lines": 0, "num_statements": 20, "percent_covered": 0.0, "percent_covered_display": "0", "missing_lines": 20, "excluded_lines": 0}, "missing_lines": [160, 161, 163, 164, 166, 168, 169, 172, 173, 175, 176, 177, 182, 193, 196, 198, 212, 214, 215, 216], "excluded_lines": []}, "get_chat_session": {"executed_lines": [], "summary": {"covered_lines": 0, "num_statements": 17, "percent_covered": 0.0, "percent_covered_display": "0", "missing_lines": 17, "excluded_lines": 0}, "missing_lines": [228, 229, 232, 234, 235, 241, 242, 243, 248, 259, 262, 264, 276, 277, 278, 279, 280], "excluded_lines": []}, "update_chat_session": {"executed_lines": [], "summary": {"covered_lines": 0, "num_statements": 29, "percent_covered": 0.0, "percent_covered_display": "0", "missing_lines": 29, "excluded_lines": 0}, "missing_lines": [293, 294, 297, 299, 300, 306, 307, 309, 311, 316, 318, 319, 324, 326, 327, 329, 330, 333, 334, 335, 340, 351, 354, 356, 368, 369, 370, 371, 372], "excluded_lines": []}, "delete_chat_session": {"executed_lines": [], "summary": {"covered_lines": 0, "num_statements": 12, "percent_covered": 0.0, "percent_covered_display": "0", "missing_lines": 12, "excluded_lines": 0}, "missing_lines": [384, 385, 388, 390, 391, 396, 397, 399, 400, 401, 402, 403], "excluded_lines": []}, "get_chat_messages": {"executed_lines": [], "summary": {"covered_lines": 0, "num_statements": 12, "percent_covered": 0.0, "percent_covered_display": "0", "missing_lines": 12, "excluded_lines": 0}, "missing_lines": [418, 420, 423, 424, 430, 437, 439, 452, 453, 454, 455, 456], "excluded_lines": []}, "create_chat_message": {"executed_lines": [], "summary": {"covered_lines": 0, "num_statements": 16, "percent_covered": 0.0, "percent_covered_display": "0", "missing_lines": 16, "excluded_lines": 0}, "missing_lines": [469, 471, 474, 476, 477, 483, 491, 494, 496, 497, 499, 509, 510, 511, 512, 513], "excluded_lines": []}, "": {"executed_lines": [1, 2, 3, 4, 5, 6, 7, 8, 10, 11, 13, 15, 19, 20, 21, 22, 23, 26, 27, 28, 29, 32, 33, 34, 35, 36, 37, 40, 41, 42, 43, 44, 45, 46, 47, 48, 49, 50, 52, 53, 56, 57, 58, 59, 60, 61, 64, 65, 66, 67, 68, 69, 70, 71, 72, 74, 75, 79, 80, 152, 153, 222, 223, 286, 287, 378, 379, 410, 411, 462, 463], "summary": {"covered_lines": 64, "num_statements": 64, "percent_covered": 100.0, "percent_covered_display": "100", "missing_lines": 0, "excluded_lines": 0}, "missing_lines": [], "excluded_lines": []}}, "classes": {"ChatSessionCreate": {"executed_lines": [], "summary": {"covered_lines": 0, "num_statements": 0, "percent_covered": 100.0, "percent_covered_display": "100", "missing_lines": 0, "excluded_lines": 0}, "missing_lines": [], "excluded_lines": []}, "ChatSessionUpdate": {"executed_lines": [], "summary": {"covered_lines": 0, "num_statements": 0, "percent_covered": 100.0, "percent_covered_display": "100", "missing_lines": 0, "excluded_lines": 0}, "missing_lines": [], "excluded_lines": []}, "ConnectionInfo": {"executed_lines": [], "summary": {"covered_lines": 0, "num_statements": 0, "percent_covered": 100.0, "percent_covered_display": "100", "missing_lines": 0, "excluded_lines": 0}, "missing_lines": [], "excluded_lines": []}, "ChatSessionResponse": {"executed_lines": [], "summary": {"covered_lines": 0, "num_statements": 0, "percent_covered": 100.0, "percent_covered_display": "100", "missing_lines": 0, "excluded_lines": 0}, "missing_lines": [], "excluded_lines": []}, "ChatSessionResponse.Config": {"executed_lines": [], "summary": {"covered_lines": 0, "num_statements": 0, "percent_covered": 100.0, "percent_covered_display": "100", "missing_lines": 0, "excluded_lines": 0}, "missing_lines": [], "excluded_lines": []}, "ChatMessageCreate": {"executed_lines": [], "summary": {"covered_lines": 0, "num_statements": 0, "percent_covered": 100.0, "percent_covered_display": "100", "missing_lines": 0, "excluded_lines": 0}, "missing_lines": [], "excluded_lines": []}, "ChatMessageResponse": {"executed_lines": [], "summary": {"covered_lines": 0, "num_statements": 0, "percent_covered": 100.0, "percent_covered_display": "100", "missing_lines": 0, "excluded_lines": 0}, "missing_lines": [], "excluded_lines": []}, "ChatMessageResponse.Config": {"executed_lines": [], "summary": {"covered_lines": 0, "num_statements": 0, "percent_covered": 100.0, "percent_covered_display": "100", "missing_lines": 0, "excluded_lines": 0}, "missing_lines": [], "excluded_lines": []}, "": {"executed_lines": [1, 2, 3, 4, 5, 6, 7, 8, 10, 11, 13, 15, 19, 20, 21, 22, 23, 26, 27, 28, 29, 32, 33, 34, 35, 36, 37, 40, 41, 42, 43, 44, 45, 46, 47, 48, 49, 50, 52, 53, 56, 57, 58, 59, 60, 61, 64, 65, 66, 67, 68, 69, 70, 71, 72, 74, 75, 79, 80, 152, 153, 222, 223, 286, 287, 378, 379, 410, 411, 462, 463], "summary": {"covered_lines": 64, "num_statements": 190, "percent_covered": 33.68421052631579, "percent_covered_display": "34", "missing_lines": 126, "excluded_lines": 0}, "missing_lines": [85, 87, 88, 93, 95, 96, 102, 108, 109, 110, 113, 114, 115, 120, 130, 142, 143, 144, 145, 146, 160, 161, 163, 164, 166, 168, 169, 172, 173, 175, 176, 177, 182, 193, 196, 198, 212, 214, 215, 216, 228, 229, 232, 234, 235, 241, 242, 243, 248, 259, 262, 264, 276, 277, 278, 279, 280, 293, 294, 297, 299, 300, 306, 307, 309, 311, 316, 318, 319, 324, 326, 327, 329, 330, 333, 334, 335, 340, 351, 354, 356, 368, 369, 370, 371, 372, 384, 385, 388, 390, 391, 396, 397, 399, 400, 401, 402, 403, 418, 420, 423, 424, 430, 437, 439, 452, 453, 454, 455, 456, 469, 471, 474, 476, 477, 483, 491, 494, 496, 497, 499, 509, 510, 511, 512, 513], "excluded_lines": []}}}, "src/api/endpoints/connections.py": {"executed_lines": [1, 2, 3, 4, 5, 6, 8, 9, 10, 12, 15, 16, 17, 18, 19, 20, 21, 22, 23, 26, 27, 28, 29, 30, 31, 32, 33, 34, 35, 36, 38, 39, 42, 43, 44, 45, 48, 49, 50, 51, 52, 55, 56, 82, 83, 129, 130, 157, 158, 198, 199], "summary": {"covered_lines": 46, "num_statements": 78, "percent_covered": 58.97435897435897, "percent_covered_display": "59", "missing_lines": 32, "excluded_lines": 0}, "missing_lines": [58, 61, 63, 90, 93, 94, 100, 112, 113, 114, 116, 132, 134, 135, 144, 149, 150, 165, 170, 173, 175, 176, 181, 182, 183, 185, 204, 207, 209, 210, 215, 216], "excluded_lines": [], "functions": {"list_connections": {"executed_lines": [], "summary": {"covered_lines": 0, "num_statements": 3, "percent_covered": 0.0, "percent_covered_display": "0", "missing_lines": 3, "excluded_lines": 0}, "missing_lines": [58, 61, 63], "excluded_lines": []}, "create_connection": {"executed_lines": [], "summary": {"covered_lines": 0, "num_statements": 8, "percent_covered": 0.0, "percent_covered_display": "0", "missing_lines": 8, "excluded_lines": 0}, "missing_lines": [90, 93, 94, 100, 112, 113, 114, 116], "excluded_lines": []}, "test_connection": {"executed_lines": [], "summary": {"covered_lines": 0, "num_statements": 6, "percent_covered": 0.0, "percent_covered_display": "0", "missing_lines": 6, "excluded_lines": 0}, "missing_lines": [132, 134, 135, 144, 149, 150], "excluded_lines": []}, "activate_connection": {"executed_lines": [], "summary": {"covered_lines": 0, "num_statements": 9, "percent_covered": 0.0, "percent_covered_display": "0", "missing_lines": 9, "excluded_lines": 0}, "missing_lines": [165, 170, 173, 175, 176, 181, 182, 183, 185], "excluded_lines": []}, "delete_connection": {"executed_lines": [], "summary": {"covered_lines": 0, "num_statements": 6, "percent_covered": 0.0, "percent_covered_display": "0", "missing_lines": 6, "excluded_lines": 0}, "missing_lines": [204, 207, 209, 210, 215, 216], "excluded_lines": []}, "": {"executed_lines": [1, 2, 3, 4, 5, 6, 8, 9, 10, 12, 15, 16, 17, 18, 19, 20, 21, 22, 23, 26, 27, 28, 29, 30, 31, 32, 33, 34, 35, 36, 38, 39, 42, 43, 44, 45, 48, 49, 50, 51, 52, 55, 56, 82, 83, 129, 130, 157, 158, 198, 199], "summary": {"covered_lines": 46, "num_statements": 46, "percent_covered": 100.0, "percent_covered_display": "100", "missing_lines": 0, "excluded_lines": 0}, "missing_lines": [], "excluded_lines": []}}, "classes": {"ConnectionCreate": {"executed_lines": [], "summary": {"covered_lines": 0, "num_statements": 0, "percent_covered": 100.0, "percent_covered_display": "100", "missing_lines": 0, "excluded_lines": 0}, "missing_lines": [], "excluded_lines": []}, "ConnectionResponse": {"executed_lines": [], "summary": {"covered_lines": 0, "num_statements": 0, "percent_covered": 100.0, "percent_covered_display": "100", "missing_lines": 0, "excluded_lines": 0}, "missing_lines": [], "excluded_lines": []}, "ConnectionResponse.Config": {"executed_lines": [], "summary": {"covered_lines": 0, "num_statements": 0, "percent_covered": 100.0, "percent_covered_display": "100", "missing_lines": 0, "excluded_lines": 0}, "missing_lines": [], "excluded_lines": []}, "ConnectionListResponse": {"executed_lines": [], "summary": {"covered_lines": 0, "num_statements": 0, "percent_covered": 100.0, "percent_covered_display": "100", "missing_lines": 0, "excluded_lines": 0}, "missing_lines": [], "excluded_lines": []}, "TestConnectionResponse": {"executed_lines": [], "summary": {"covered_lines": 0, "num_statements": 0, "percent_covered": 100.0, "percent_covered_display": "100", "missing_lines": 0, "excluded_lines": 0}, "missing_lines": [], "excluded_lines": []}, "": {"executed_lines": [1, 2, 3, 4, 5, 6, 8, 9, 10, 12, 15, 16, 17, 18, 19, 20, 21, 22, 23, 26, 27, 28, 29, 30, 31, 32, 33, 34, 35, 36, 38, 39, 42, 43, 44, 45, 48, 49, 50, 51, 52, 55, 56, 82, 83, 129, 130, 157, 158, 198, 199], "summary": {"covered_lines": 46, "num_statements": 78, "percent_covered": 58.97435897435897, "percent_covered_display": "59", "missing_lines": 32, "excluded_lines": 0}, "missing_lines": [58, 61, 63, 90, 93, 94, 100, 112, 113, 114, 116, 132, 134, 135, 144, 149, 150, 165, 170, 173, 175, 176, 181, 182, 183, 185, 204, 207, 209, 210, 215, 216], "excluded_lines": []}}}, "src/api/endpoints/health.py": {"executed_lines": [1, 2, 3, 5, 6, 7, 8, 9, 10, 12, 14, 17, 18, 32, 35, 36, 37, 38, 39, 45, 46, 47, 48, 49, 55, 56, 57, 58, 59, 65, 66, 68, 75, 76], "summary": {"covered_lines": 33, "num_statements": 43, "percent_covered": 76.74418604651163, "percent_covered_display": "77", "missing_lines": 10, "excluded_lines": 0}, "missing_lines": [40, 41, 42, 50, 51, 52, 60, 61, 62, 78], "excluded_lines": [], "functions": {"health_check": {"executed_lines": [32, 35, 36, 37, 38, 39, 45, 46, 47, 48, 49, 55, 56, 57, 58, 59, 65, 66, 68], "summary": {"covered_lines": 19, "num_statements": 28, "percent_covered": 67.85714285714286, "percent_covered_display": "68", "missing_lines": 9, "excluded_lines": 0}, "missing_lines": [40, 41, 42, 50, 51, 52, 60, 61, 62], "excluded_lines": []}, "root": {"executed_lines": [], "summary": {"covered_lines": 0, "num_statements": 1, "percent_covered": 0.0, "percent_covered_display": "0", "missing_lines": 1, "excluded_lines": 0}, "missing_lines": [78], "excluded_lines": []}, "": {"executed_lines": [1, 2, 3, 5, 6, 7, 8, 9, 10, 12, 14, 17, 18, 75, 76], "summary": {"covered_lines": 14, "num_statements": 14, "percent_covered": 100.0, "percent_covered_display": "100", "missing_lines": 0, "excluded_lines": 0}, "missing_lines": [], "excluded_lines": []}}, "classes": {"": {"executed_lines": [1, 2, 3, 5, 6, 7, 8, 9, 10, 12, 14, 17, 18, 32, 35, 36, 37, 38, 39, 45, 46, 47, 48, 49, 55, 56, 57, 58, 59, 65, 66, 68, 75, 76], "summary": {"covered_lines": 33, "num_statements": 43, "percent_covered": 76.74418604651163, "percent_covered_display": "77", "missing_lines": 10, "excluded_lines": 0}, "missing_lines": [40, 41, 42, 50, 51, 52, 60, 61, 62, 78], "excluded_lines": []}}}, "src/api/endpoints/learned_corrections.py": {"executed_lines": [1, 2, 3, 4, 5, 7, 8, 9, 10, 12, 14, 18, 19, 20, 21, 22, 23, 24, 25, 26, 27, 28, 29, 30, 31, 32, 33, 35, 36, 39, 40, 41, 42, 43, 46, 47, 50, 51, 114, 115, 161, 162, 185, 186, 225, 226, 264, 265], "summary": {"covered_lines": 47, "num_statements": 118, "percent_covered": 39.83050847457627, "percent_covered_display": "40", "missing_lines": 71, "excluded_lines": 0}, "missing_lines": [70, 71, 75, 76, 78, 79, 81, 87, 88, 89, 107, 109, 110, 111, 128, 129, 133, 134, 136, 154, 155, 156, 157, 158, 169, 170, 171, 173, 180, 181, 182, 199, 200, 204, 205, 207, 208, 210, 212, 217, 218, 219, 220, 221, 222, 239, 240, 245, 246, 247, 248, 250, 252, 258, 259, 260, 261, 284, 285, 288, 289, 290, 291, 296, 297, 304, 310, 311, 312, 313, 314], "excluded_lines": [], "functions": {"get_learned_corrections": {"executed_lines": [], "summary": {"covered_lines": 0, "num_statements": 14, "percent_covered": 0.0, "percent_covered_display": "0", "missing_lines": 14, "excluded_lines": 0}, "missing_lines": [70, 71, 75, 76, 78, 79, 81, 87, 88, 89, 107, 109, 110, 111], "excluded_lines": []}, "get_correction_by_id": {"executed_lines": [], "summary": {"covered_lines": 0, "num_statements": 10, "percent_covered": 0.0, "percent_covered_display": "0", "missing_lines": 10, "excluded_lines": 0}, "missing_lines": [128, 129, 133, 134, 136, 154, 155, 156, 157, 158], "excluded_lines": []}, "get_learning_stats": {"executed_lines": [], "summary": {"covered_lines": 0, "num_statements": 7, "percent_covered": 0.0, "percent_covered_display": "0", "missing_lines": 7, "excluded_lines": 0}, "missing_lines": [169, 170, 171, 173, 180, 181, 182], "excluded_lines": []}, "delete_correction": {"executed_lines": [], "summary": {"covered_lines": 0, "num_statements": 14, "percent_covered": 0.0, "percent_covered_display": "0", "missing_lines": 14, "excluded_lines": 0}, "missing_lines": [199, 200, 204, 205, 207, 208, 210, 212, 217, 218, 219, 220, 221, 222], "excluded_lines": []}, "reset_all_corrections": {"executed_lines": [], "summary": {"covered_lines": 0, "num_statements": 12, "percent_covered": 0.0, "percent_covered_display": "0", "missing_lines": 12, "excluded_lines": 0}, "missing_lines": [239, 240, 245, 246, 247, 248, 250, 252, 258, 259, 260, 261], "excluded_lines": []}, "search_similar_corrections": {"executed_lines": [], "summary": {"covered_lines": 0, "num_statements": 14, "percent_covered": 0.0, "percent_covered_display": "0", "missing_lines": 14, "excluded_lines": 0}, "missing_lines": [284, 285, 288, 289, 290, 291, 296, 297, 304, 310, 311, 312, 313, 314], "excluded_lines": []}, "": {"executed_lines": [1, 2, 3, 4, 5, 7, 8, 9, 10, 12, 14, 18, 19, 20, 21, 22, 23, 24, 25, 26, 27, 28, 29, 30, 31, 32, 33, 35, 36, 39, 40, 41, 42, 43, 46, 47, 50, 51, 114, 115, 161, 162, 185, 186, 225, 226, 264, 265], "summary": {"covered_lines": 47, "num_statements": 47, "percent_covered": 100.0, "percent_covered_display": "100", "missing_lines": 0, "excluded_lines": 0}, "missing_lines": [], "excluded_lines": []}}, "classes": {"LearnedCorrectionResponse": {"executed_lines": [], "summary": {"covered_lines": 0, "num_statements": 0, "percent_covered": 100.0, "percent_covered_display": "100", "missing_lines": 0, "excluded_lines": 0}, "missing_lines": [], "excluded_lines": []}, "LearnedCorrectionResponse.Config": {"executed_lines": [], "summary": {"covered_lines": 0, "num_statements": 0, "percent_covered": 100.0, "percent_covered_display": "100", "missing_lines": 0, "excluded_lines": 0}, "missing_lines": [], "excluded_lines": []}, "LearningStatsResponse": {"executed_lines": [], "summary": {"covered_lines": 0, "num_statements": 0, "percent_covered": 100.0, "percent_covered_display": "100", "missing_lines": 0, "excluded_lines": 0}, "missing_lines": [], "excluded_lines": []}, "DeleteCorrectionRequest": {"executed_lines": [], "summary": {"covered_lines": 0, "num_statements": 0, "percent_covered": 100.0, "percent_covered_display": "100", "missing_lines": 0, "excluded_lines": 0}, "missing_lines": [], "excluded_lines": []}, "": {"executed_lines": [1, 2, 3, 4, 5, 7, 8, 9, 10, 12, 14, 18, 19, 20, 21, 22, 23, 24, 25, 26, 27, 28, 29, 30, 31, 32, 33, 35, 36, 39, 40, 41, 42, 43, 46, 47, 50, 51, 114, 115, 161, 162, 185, 186, 225, 226, 264, 265], "summary": {"covered_lines": 47, "num_statements": 118, "percent_covered": 39.83050847457627, "percent_covered_display": "40", "missing_lines": 71, "excluded_lines": 0}, "missing_lines": [70, 71, 75, 76, 78, 79, 81, 87, 88, 89, 107, 109, 110, 111, 128, 129, 133, 134, 136, 154, 155, 156, 157, 158, 169, 170, 171, 173, 180, 181, 182, 199, 200, 204, 205, 207, 208, 210, 212, 217, 218, 219, 220, 221, 222, 239, 240, 245, 246, 247, 248, 250, 252, 258, 259, 260, 261, 284, 285, 288, 289, 290, 291, 296, 297, 304, 310, 311, 312, 313, 314], "excluded_lines": []}}}, "src/api/endpoints/models.py": {"executed_lines": [1, 2, 3, 4, 5, 7, 8, 9, 11, 13, 16, 17, 18, 19, 20, 21, 24, 25, 26, 27, 28, 31, 32, 33, 34, 35, 36, 39, 40, 72, 73, 117, 118, 161, 162, 213, 214, 256], "summary": {"covered_lines": 34, "num_statements": 88, "percent_covered": 38.63636363636363, "percent_covered_display": "39", "missing_lines": 54, "excluded_lines": 0}, "missing_lines": [50, 52, 53, 56, 58, 64, 65, 66, 83, 84, 85, 88, 89, 90, 93, 94, 95, 102, 109, 110, 111, 131, 132, 133, 135, 137, 139, 140, 146, 151, 152, 153, 154, 155, 169, 207, 227, 228, 229, 232, 234, 240, 247, 248, 249, 258, 259, 261, 262, 263, 265, 266, 267, 269], "excluded_lines": [], "functions": {"list_models": {"executed_lines": [], "summary": {"covered_lines": 0, "num_statements": 8, "percent_covered": 0.0, "percent_covered_display": "0", "missing_lines": 8, "excluded_lines": 0}, "missing_lines": [50, 52, 53, 56, 58, 64, 65, 66], "excluded_lines": []}, "get_model_details": {"executed_lines": [], "summary": {"covered_lines": 0, "num_statements": 13, "percent_covered": 0.0, "percent_covered_display": "0", "missing_lines": 13, "excluded_lines": 0}, "missing_lines": [83, 84, 85, 88, 89, 90, 93, 94, 95, 102, 109, 110, 111], "excluded_lines": []}, "pull_model": {"executed_lines": [], "summary": {"covered_lines": 0, "num_statements": 13, "percent_covered": 0.0, "percent_covered_display": "0", "missing_lines": 13, "excluded_lines": 0}, "missing_lines": [131, 132, 133, 135, 137, 139, 140, 146, 151, 152, 153, 154, 155], "excluded_lines": []}, "get_recommended_models": {"executed_lines": [], "summary": {"covered_lines": 0, "num_statements": 2, "percent_covered": 0.0, "percent_covered_display": "0", "missing_lines": 2, "excluded_lines": 0}, "missing_lines": [169, 207], "excluded_lines": []}, "test_model": {"executed_lines": [], "summary": {"covered_lines": 0, "num_statements": 9, "percent_covered": 0.0, "percent_covered_display": "0", "missing_lines": 9, "excluded_lines": 0}, "missing_lines": [227, 228, 229, 232, 234, 240, 247, 248, 249], "excluded_lines": []}, "_format_size": {"executed_lines": [], "summary": {"covered_lines": 0, "num_statements": 9, "percent_covered": 0.0, "percent_covered_display": "0", "missing_lines": 9, "excluded_lines": 0}, "missing_lines": [258, 259, 261, 262, 263, 265, 266, 267, 269], "excluded_lines": []}, "": {"executed_lines": [1, 2, 3, 4, 5, 7, 8, 9, 11, 13, 16, 17, 18, 19, 20, 21, 24, 25, 26, 27, 28, 31, 32, 33, 34, 35, 36, 39, 40, 72, 73, 117, 118, 161, 162, 213, 214, 256], "summary": {"covered_lines": 34, "num_statements": 34, "percent_covered": 100.0, "percent_covered_display": "100", "missing_lines": 0, "excluded_lines": 0}, "missing_lines": [], "excluded_lines": []}}, "classes": {"ModelInfo": {"executed_lines": [], "summary": {"covered_lines": 0, "num_statements": 0, "percent_covered": 100.0, "percent_covered_display": "100", "missing_lines": 0, "excluded_lines": 0}, "missing_lines": [], "excluded_lines": []}, "ModelListResponse": {"executed_lines": [], "summary": {"covered_lines": 0, "num_statements": 0, "percent_covered": 100.0, "percent_covered_display": "100", "missing_lines": 0, "excluded_lines": 0}, "missing_lines": [], "excluded_lines": []}, "ModelDetailsResponse": {"executed_lines": [], "summary": {"covered_lines": 0, "num_statements": 0, "percent_covered": 100.0, "percent_covered_display": "100", "missing_lines": 0, "excluded_lines": 0}, "missing_lines": [], "excluded_lines": []}, "": {"executed_lines": [1, 2, 3, 4, 5, 7, 8, 9, 11, 13, 16, 17, 18, 19, 20, 21, 24, 25, 26, 27, 28, 31, 32, 33, 34, 35, 36, 39, 40, 72, 73, 117, 118, 161, 162, 213, 214, 256], "summary": {"covered_lines": 34, "num_statements": 88, "percent_covered": 38.63636363636363, "percent_covered_display": "39", "missing_lines": 54, "excluded_lines": 0}, "missing_lines": [50, 52, 53, 56, 58, 64, 65, 66, 83, 84, 85, 88, 89, 90, 93, 94, 95, 102, 109, 110, 111, 131, 132, 133, 135, 137, 139, 140, 146, 151, 152, 153, 154, 155, 169, 207, 227, 228, 229, 232, 234, 240, 247, 248, 249, 258, 259, 261, 262, 263, 265, 266, 267, 269], "excluded_lines": []}}}, "src/api/endpoints/multi_db_query.py": {"executed_lines": [1, 2, 3, 4, 5, 6, 7, 8, 9, 11, 12, 13, 14, 15, 16, 17, 19, 21, 24, 25, 26, 27, 28, 29, 30, 31, 34, 35, 36, 37, 38, 39, 40, 41, 42, 43, 44, 45, 46, 49, 50, 51, 52, 53, 54, 55, 56, 57, 58, 59, 62, 63], "summary": {"covered_lines": 48, "num_statements": 145, "percent_covered": 33.10344827586207, "percent_covered_display": "33", "missing_lines": 97, "excluded_lines": 0}, "missing_lines": [79, 81, 83, 85, 90, 92, 94, 97, 99, 100, 105, 106, 112, 117, 121, 124, 126, 127, 132, 134, 135, 140, 143, 146, 147, 150, 151, 154, 155, 156, 159, 160, 161, 162, 164, 165, 166, 167, 168, 171, 173, 180, 181, 185, 186, 194, 195, 197, 205, 210, 211, 212, 214, 215, 216, 218, 219, 229, 232, 233, 234, 244, 247, 248, 249, 251, 254, 257, 266, 282, 283, 284, 288, 290, 301, 302, 303, 306, 308, 313, 316, 317, 331, 334, 337, 338, 339, 341, 344, 357, 358, 360, 362, 363, 364, 365, 366], "excluded_lines": [], "functions": {"process_multi_database_query": {"executed_lines": [], "summary": {"covered_lines": 0, "num_statements": 97, "percent_covered": 0.0, "percent_covered_display": "0", "missing_lines": 97, "excluded_lines": 0}, "missing_lines": [79, 81, 83, 85, 90, 92, 94, 97, 99, 100, 105, 106, 112, 117, 121, 124, 126, 127, 132, 134, 135, 140, 143, 146, 147, 150, 151, 154, 155, 156, 159, 160, 161, 162, 164, 165, 166, 167, 168, 171, 173, 180, 181, 185, 186, 194, 195, 197, 205, 210, 211, 212, 214, 215, 216, 218, 219, 229, 232, 233, 234, 244, 247, 248, 249, 251, 254, 257, 266, 282, 283, 284, 288, 290, 301, 302, 303, 306, 308, 313, 316, 317, 331, 334, 337, 338, 339, 341, 344, 357, 358, 360, 362, 363, 364, 365, 366], "excluded_lines": []}, "": {"executed_lines": [1, 2, 3, 4, 5, 6, 7, 8, 9, 11, 12, 13, 14, 15, 16, 17, 19, 21, 24, 25, 26, 27, 28, 29, 30, 31, 34, 35, 36, 37, 38, 39, 40, 41, 42, 43, 44, 45, 46, 49, 50, 51, 52, 53, 54, 55, 56, 57, 58, 59, 62, 63], "summary": {"covered_lines": 48, "num_statements": 48, "percent_covered": 100.0, "percent_covered_display": "100", "missing_lines": 0, "excluded_lines": 0}, "missing_lines": [], "excluded_lines": []}}, "classes": {"MultiDatabaseQueryRequest": {"executed_lines": [], "summary": {"covered_lines": 0, "num_statements": 0, "percent_covered": 100.0, "percent_covered_display": "100", "missing_lines": 0, "excluded_lines": 0}, "missing_lines": [], "excluded_lines": []}, "DatabaseQueryResult": {"executed_lines": [], "summary": {"covered_lines": 0, "num_statements": 0, "percent_covered": 100.0, "percent_covered_display": "100", "missing_lines": 0, "excluded_lines": 0}, "missing_lines": [], "excluded_lines": []}, "MultiDatabaseQueryResponse": {"executed_lines": [], "summary": {"covered_lines": 0, "num_statements": 0, "percent_covered": 100.0, "percent_covered_display": "100", "missing_lines": 0, "excluded_lines": 0}, "missing_lines": [], "excluded_lines": []}, "": {"executed_lines": [1, 2, 3, 4, 5, 6, 7, 8, 9, 11, 12, 13, 14, 15, 16, 17, 19, 21, 24, 25, 26, 27, 28, 29, 30, 31, 34, 35, 36, 37, 38, 39, 40, 41, 42, 43, 44, 45, 46, 49, 50, 51, 52, 53, 54, 55, 56, 57, 58, 59, 62, 63], "summary": {"covered_lines": 48, "num_statements": 145, "percent_covered": 33.10344827586207, "percent_covered_display": "33", "missing_lines": 97, "excluded_lines": 0}, "missing_lines": [79, 81, 83, 85, 90, 92, 94, 97, 99, 100, 105, 106, 112, 117, 121, 124, 126, 127, 132, 134, 135, 140, 143, 146, 147, 150, 151, 154, 155, 156, 159, 160, 161, 162, 164, 165, 166, 167, 168, 171, 173, 180, 181, 185, 186, 194, 195, 197, 205, 210, 211, 212, 214, 215, 216, 218, 219, 229, 232, 233, 234, 244, 247, 248, 249, 251, 254, 257, 266, 282, 283, 284, 288, 290, 301, 302, 303, 306, 308, 313, 316, 317, 331, 334, 337, 338, 339, 341, 344, 357, 358, 360, 362, 363, 364, 365, 366], "excluded_lines": []}}}, "src/api/endpoints/query.py": {"executed_lines": [1, 2, 3, 4, 5, 6, 7, 8, 10, 18, 19, 20, 21, 22, 23, 24, 25, 27, 29, 32, 33, 206, 207, 245, 246, 275, 276, 306, 307], "summary": {"covered_lines": 28, "num_statements": 131, "percent_covered": 21.374045801526716, "percent_covered_display": "21", "missing_lines": 103, "excluded_lines": 0}, "missing_lines": [50, 52, 53, 54, 57, 58, 59, 60, 62, 63, 64, 65, 66, 69, 72, 73, 76, 77, 79, 82, 84, 85, 90, 91, 94, 96, 97, 99, 102, 103, 104, 107, 114, 124, 125, 126, 129, 130, 131, 134, 136, 137, 140, 141, 144, 145, 153, 162, 173, 174, 175, 178, 193, 194, 196, 198, 199, 200, 215, 216, 217, 220, 221, 223, 224, 225, 227, 232, 237, 238, 239, 254, 255, 262, 263, 265, 267, 268, 269, 283, 284, 285, 286, 288, 289, 294, 296, 297, 298, 299, 300, 313, 315, 316, 319, 324, 327, 333, 334, 338, 345, 346, 347], "excluded_lines": [], "functions": {"process_query": {"executed_lines": [], "summary": {"covered_lines": 0, "num_statements": 58, "percent_covered": 0.0, "percent_covered_display": "0", "missing_lines": 58, "excluded_lines": 0}, "missing_lines": [50, 52, 53, 54, 57, 58, 59, 60, 62, 63, 64, 65, 66, 69, 72, 73, 76, 77, 79, 82, 84, 85, 90, 91, 94, 96, 97, 99, 102, 103, 104, 107, 114, 124, 125, 126, 129, 130, 131, 134, 136, 137, 140, 141, 144, 145, 153, 162, 173, 174, 175, 178, 193, 194, 196, 198, 199, 200], "excluded_lines": []}, "explain_sql": {"executed_lines": [], "summary": {"covered_lines": 0, "num_statements": 13, "percent_covered": 0.0, "percent_covered_display": "0", "missing_lines": 13, "excluded_lines": 0}, "missing_lines": [215, 216, 217, 220, 221, 223, 224, 225, 227, 232, 237, 238, 239], "excluded_lines": []}, "get_query_history": {"executed_lines": [], "summary": {"covered_lines": 0, "num_statements": 8, "percent_covered": 0.0, "percent_covered_display": "0", "missing_lines": 8, "excluded_lines": 0}, "missing_lines": [254, 255, 262, 263, 265, 267, 268, 269], "excluded_lines": []}, "get_query_by_id": {"executed_lines": [], "summary": {"covered_lines": 0, "num_statements": 12, "percent_covered": 0.0, "percent_covered_display": "0", "missing_lines": 12, "excluded_lines": 0}, "missing_lines": [283, 284, 285, 286, 288, 289, 294, 296, 297, 298, 299, 300], "excluded_lines": []}, "get_stats": {"executed_lines": [], "summary": {"covered_lines": 0, "num_statements": 12, "percent_covered": 0.0, "percent_covered_display": "0", "missing_lines": 12, "excluded_lines": 0}, "missing_lines": [313, 315, 316, 319, 324, 327, 333, 334, 338, 345, 346, 347], "excluded_lines": []}, "": {"executed_lines": [1, 2, 3, 4, 5, 6, 7, 8, 10, 18, 19, 20, 21, 22, 23, 24, 25, 27, 29, 32, 33, 206, 207, 245, 246, 275, 276, 306, 307], "summary": {"covered_lines": 28, "num_statements": 28, "percent_covered": 100.0, "percent_covered_display": "100", "missing_lines": 0, "excluded_lines": 0}, "missing_lines": [], "excluded_lines": []}}, "classes": {"": {"executed_lines": [1, 2, 3, 4, 5, 6, 7, 8, 10, 18, 19, 20, 21, 22, 23, 24, 25, 27, 29, 32, 33, 206, 207, 245, 246, 275, 276, 306, 307], "summary": {"covered_lines": 28, "num_statements": 131, "percent_covered": 21.374045801526716, "percent_covered_display": "21", "missing_lines": 103, "excluded_lines": 0}, "missing_lines": [50, 52, 53, 54, 57, 58, 59, 60, 62, 63, 64, 65, 66, 69, 72, 73, 76, 77, 79, 82, 84, 85, 90, 91, 94, 96, 97, 99, 102, 103, 104, 107, 114, 124, 125, 126, 129, 130, 131, 134, 136, 137, 140, 141, 144, 145, 153, 162, 173, 174, 175, 178, 193, 194, 196, 198, 199, 200, 215, 216, 217, 220, 221, 223, 224, 225, 227, 232, 237, 238, 239, 254, 255, 262, 263, 265, 267, 268, 269, 283, 284, 285, 286, 288, 289, 294, 296, 297, 298, 299, 300, 313, 315, 316, 319, 324, 327, 333, 334, 338, 345, 346, 347], "excluded_lines": []}}}, "src/api/endpoints/result_verification.py": {"executed_lines": [1, 2, 3, 4, 5, 6, 7, 9, 10, 11, 12, 13, 14, 15, 16, 18, 20, 23, 24, 25, 26, 27, 28, 31, 32, 33, 34, 35, 36, 37, 38, 39, 42, 43, 44, 45, 46, 47, 48, 51, 52, 113, 114, 222, 223], "summary": {"covered_lines": 41, "num_statements": 87, "percent_covered": 47.12643678160919, "percent_covered_display": "47", "missing_lines": 46, "excluded_lines": 0}, "missing_lines": [64, 65, 68, 74, 83, 84, 85, 93, 95, 105, 106, 107, 127, 128, 131, 134, 136, 137, 142, 145, 147, 148, 149, 150, 152, 155, 156, 162, 168, 177, 178, 179, 187, 188, 189, 197, 202, 214, 215, 216, 225, 227, 228, 234, 235, 236], "excluded_lines": [], "functions": {"verify_query_result": {"executed_lines": [], "summary": {"covered_lines": 0, "num_statements": 12, "percent_covered": 0.0, "percent_covered_display": "0", "missing_lines": 12, "excluded_lines": 0}, "missing_lines": [64, 65, 68, 74, 83, 84, 85, 93, 95, 105, 106, 107], "excluded_lines": []}, "execute_and_verify_query": {"executed_lines": [], "summary": {"covered_lines": 0, "num_statements": 28, "percent_covered": 0.0, "percent_covered_display": "0", "missing_lines": 28, "excluded_lines": 0}, "missing_lines": [127, 128, 131, 134, 136, 137, 142, 145, 147, 148, 149, 150, 152, 155, 156, 162, 168, 177, 178, 179, 187, 188, 189, 197, 202, 214, 215, 216], "excluded_lines": []}, "health_check": {"executed_lines": [], "summary": {"covered_lines": 0, "num_statements": 6, "percent_covered": 0.0, "percent_covered_display": "0", "missing_lines": 6, "excluded_lines": 0}, "missing_lines": [225, 227, 228, 234, 235, 236], "excluded_lines": []}, "": {"executed_lines": [1, 2, 3, 4, 5, 6, 7, 9, 10, 11, 12, 13, 14, 15, 16, 18, 20, 23, 24, 25, 26, 27, 28, 31, 32, 33, 34, 35, 36, 37, 38, 39, 42, 43, 44, 45, 46, 47, 48, 51, 52, 113, 114, 222, 223], "summary": {"covered_lines": 41, "num_statements": 41, "percent_covered": 100.0, "percent_covered_display": "100", "missing_lines": 0, "excluded_lines": 0}, "missing_lines": [], "excluded_lines": []}}, "classes": {"VerifyResultRequest": {"executed_lines": [], "summary": {"covered_lines": 0, "num_statements": 0, "percent_covered": 100.0, "percent_covered_display": "100", "missing_lines": 0, "excluded_lines": 0}, "missing_lines": [], "excluded_lines": []}, "VerifyResultResponse": {"executed_lines": [], "summary": {"covered_lines": 0, "num_statements": 0, "percent_covered": 100.0, "percent_covered_display": "100", "missing_lines": 0, "excluded_lines": 0}, "missing_lines": [], "excluded_lines": []}, "ManualVerifyRequest": {"executed_lines": [], "summary": {"covered_lines": 0, "num_statements": 0, "percent_covered": 100.0, "percent_covered_display": "100", "missing_lines": 0, "excluded_lines": 0}, "missing_lines": [], "excluded_lines": []}, "": {"executed_lines": [1, 2, 3, 4, 5, 6, 7, 9, 10, 11, 12, 13, 14, 15, 16, 18, 20, 23, 24, 25, 26, 27, 28, 31, 32, 33, 34, 35, 36, 37, 38, 39, 42, 43, 44, 45, 46, 47, 48, 51, 52, 113, 114, 222, 223], "summary": {"covered_lines": 41, "num_statements": 87, "percent_covered": 47.12643678160919, "percent_covered_display": "47", "missing_lines": 46, "excluded_lines": 0}, "missing_lines": [64, 65, 68, 74, 83, 84, 85, 93, 95, 105, 106, 107, 127, 128, 131, 134, 136, 137, 142, 145, 147, 148, 149, 150, 152, 155, 156, 162, 168, 177, 178, 179, 187, 188, 189, 197, 202, 214, 215, 216, 225, 227, 228, 234, 235, 236], "excluded_lines": []}}}, "src/api/endpoints/schema.py": {"executed_lines": [1, 2, 3, 4, 5, 7, 8, 9, 10, 12, 14, 17, 18, 79, 80, 106, 107, 154, 155, 200, 201], "summary": {"covered_lines": 20, "num_statements": 90, "percent_covered": 22.22222222222222, "percent_covered_display": "22", "missing_lines": 70, "excluded_lines": 0}, "missing_lines": [33, 34, 37, 38, 39, 41, 42, 43, 44, 45, 48, 49, 50, 53, 62, 64, 69, 71, 72, 73, 89, 90, 91, 93, 98, 99, 100, 120, 121, 124, 125, 126, 127, 129, 130, 135, 144, 145, 146, 147, 148, 165, 167, 168, 170, 171, 174, 175, 178, 186, 188, 190, 192, 193, 194, 211, 212, 215, 216, 218, 219, 220, 223, 224, 227, 230, 232, 237, 238, 239], "excluded_lines": [], "functions": {"get_schema": {"executed_lines": [], "summary": {"covered_lines": 0, "num_statements": 20, "percent_covered": 0.0, "percent_covered_display": "0", "missing_lines": 20, "excluded_lines": 0}, "missing_lines": [33, 34, 37, 38, 39, 41, 42, 43, 44, 45, 48, 49, 50, 53, 62, 64, 69, 71, 72, 73], "excluded_lines": []}, "list_tables": {"executed_lines": [], "summary": {"covered_lines": 0, "num_statements": 7, "percent_covered": 0.0, "percent_covered_display": "0", "missing_lines": 7, "excluded_lines": 0}, "missing_lines": [89, 90, 91, 93, 98, 99, 100], "excluded_lines": []}, "get_table_info": {"executed_lines": [], "summary": {"covered_lines": 0, "num_statements": 14, "percent_covered": 0.0, "percent_covered_display": "0", "missing_lines": 14, "excluded_lines": 0}, "missing_lines": [120, 121, 124, 125, 126, 127, 129, 130, 135, 144, 145, 146, 147, 148], "excluded_lines": []}, "refresh_schema": {"executed_lines": [], "summary": {"covered_lines": 0, "num_statements": 14, "percent_covered": 0.0, "percent_covered_display": "0", "missing_lines": 14, "excluded_lines": 0}, "missing_lines": [165, 167, 168, 170, 171, 174, 175, 178, 186, 188, 190, 192, 193, 194], "excluded_lines": []}, "get_formatted_schema": {"executed_lines": [], "summary": {"covered_lines": 0, "num_statements": 15, "percent_covered": 0.0, "percent_covered_display": "0", "missing_lines": 15, "excluded_lines": 0}, "missing_lines": [211, 212, 215, 216, 218, 219, 220, 223, 224, 227, 230, 232, 237, 238, 239], "excluded_lines": []}, "": {"executed_lines": [1, 2, 3, 4, 5, 7, 8, 9, 10, 12, 14, 17, 18, 79, 80, 106, 107, 154, 155, 200, 201], "summary": {"covered_lines": 20, "num_statements": 20, "percent_covered": 100.0, "percent_covered_display": "100", "missing_lines": 0, "excluded_lines": 0}, "missing_lines": [], "excluded_lines": []}}, "classes": {"": {"executed_lines": [1, 2, 3, 4, 5, 7, 8, 9, 10, 12, 14, 17, 18, 79, 80, 106, 107, 154, 155, 200, 201], "summary": {"covered_lines": 20, "num_statements": 90, "percent_covered": 22.22222222222222, "percent_covered_display": "22", "missing_lines": 70, "excluded_lines": 0}, "missing_lines": [33, 34, 37, 38, 39, 41, 42, 43, 44, 45, 48, 49, 50, 53, 62, 64, 69, 71, 72, 73, 89, 90, 91, 93, 98, 99, 100, 120, 121, 124, 125, 126, 127, 129, 130, 135, 144, 145, 146, 147, 148, 165, 167, 168, 170, 171, 174, 175, 178, 186, 188, 190, 192, 193, 194, 211, 212, 215, 216, 218, 219, 220, 223, 224, 227, 230, 232, 237, 238, 239], "excluded_lines": []}}}, "src/cache/__init__.py": {"executed_lines": [1, 2, 3, 5], "summary": {"covered_lines": 3, "num_statements": 3, "percent_covered": 100.0, "percent_covered_display": "100", "missing_lines": 0, "excluded_lines": 0}, "missing_lines": [], "excluded_lines": [], "functions": {"": {"executed_lines": [1, 2, 3, 5], "summary": {"covered_lines": 3, "num_statements": 3, "percent_covered": 100.0, "percent_covered_display": "100", "missing_lines": 0, "excluded_lines": 0}, "missing_lines": [], "excluded_lines": []}}, "classes": {"": {"executed_lines": [1, 2, 3, 5], "summary": {"covered_lines": 3, "num_statements": 3, "percent_covered": 100.0, "percent_covered_display": "100", "missing_lines": 0, "excluded_lines": 0}, "missing_lines": [], "excluded_lines": []}}}, "src/cache/decorators.py": {"executed_lines": [1, 2, 3, 4, 5, 6, 8, 10, 13, 69, 115, 146, 147, 156, 160, 163, 166, 170, 174, 178, 182], "summary": {"covered_lines": 19, "num_statements": 80, "percent_covered": 23.75, "percent_covered_display": "24", "missing_lines": 61, "excluded_lines": 0}, "missing_lines": [32, 33, 34, 35, 38, 40, 41, 42, 43, 44, 45, 47, 50, 51, 52, 53, 56, 57, 60, 62, 64, 66, 82, 83, 84, 85, 88, 89, 92, 93, 94, 96, 97, 100, 101, 104, 105, 106, 108, 110, 112, 128, 129, 130, 132, 135, 136, 137, 139, 141, 143, 157, 158, 161, 164, 168, 172, 176, 180, 184, 185], "excluded_lines": [], "functions": {"cached": {"executed_lines": [], "summary": {"covered_lines": 0, "num_statements": 3, "percent_covered": 0.0, "percent_covered_display": "0", "missing_lines": 3, "excluded_lines": 0}, "missing_lines": [32, 33, 66], "excluded_lines": []}, "cached.decorator": {"executed_lines": [], "summary": {"covered_lines": 0, "num_statements": 2, "percent_covered": 0.0, "percent_covered_display": "0", "missing_lines": 2, "excluded_lines": 0}, "missing_lines": [34, 64], "excluded_lines": []}, "cached.decorator.wrapper": {"executed_lines": [], "summary": {"covered_lines": 0, "num_statements": 17, "percent_covered": 0.0, "percent_covered_display": "0", "missing_lines": 17, "excluded_lines": 0}, "missing_lines": [35, 38, 40, 41, 42, 43, 44, 45, 47, 50, 51, 52, 53, 56, 57, 60, 62], "excluded_lines": []}, "cache_query_result": {"executed_lines": [], "summary": {"covered_lines": 0, "num_statements": 3, "percent_covered": 0.0, "percent_covered_display": "0", "missing_lines": 3, "excluded_lines": 0}, "missing_lines": [82, 83, 112], "excluded_lines": []}, "cache_query_result.decorator": {"executed_lines": [], "summary": {"covered_lines": 0, "num_statements": 2, "percent_covered": 0.0, "percent_covered_display": "0", "missing_lines": 2, "excluded_lines": 0}, "missing_lines": [84, 110], "excluded_lines": []}, "cache_query_result.decorator.wrapper": {"executed_lines": [], "summary": {"covered_lines": 0, "num_statements": 14, "percent_covered": 0.0, "percent_covered_display": "0", "missing_lines": 14, "excluded_lines": 0}, "missing_lines": [85, 88, 89, 92, 93, 94, 96, 97, 100, 101, 104, 105, 106, 108], "excluded_lines": []}, "invalidate_cache": {"executed_lines": [], "summary": {"covered_lines": 0, "num_statements": 3, "percent_covered": 0.0, "percent_covered_display": "0", "missing_lines": 3, "excluded_lines": 0}, "missing_lines": [128, 129, 143], "excluded_lines": []}, "invalidate_cache.decorator": {"executed_lines": [], "summary": {"covered_lines": 0, "num_statements": 2, "percent_covered": 0.0, "percent_covered_display": "0", "missing_lines": 2, "excluded_lines": 0}, "missing_lines": [130, 141], "excluded_lines": []}, "invalidate_cache.decorator.wrapper": {"executed_lines": [], "summary": {"covered_lines": 0, "num_statements": 5, "percent_covered": 0.0, "percent_covered_display": "0", "missing_lines": 5, "excluded_lines": 0}, "missing_lines": [132, 135, 136, 137, 139], "excluded_lines": []}, "CacheNamespace.__init__": {"executed_lines": [], "summary": {"covered_lines": 0, "num_statements": 2, "percent_covered": 0.0, "percent_covered_display": "0", "missing_lines": 2, "excluded_lines": 0}, "missing_lines": [157, 158], "excluded_lines": []}, "CacheNamespace.__aenter__": {"executed_lines": [], "summary": {"covered_lines": 0, "num_statements": 1, "percent_covered": 0.0, "percent_covered_display": "0", "missing_lines": 1, "excluded_lines": 0}, "missing_lines": [161], "excluded_lines": []}, "CacheNamespace.__aexit__": {"executed_lines": [], "summary": {"covered_lines": 0, "num_statements": 1, "percent_covered": 0.0, "percent_covered_display": "0", "missing_lines": 1, "excluded_lines": 0}, "missing_lines": [164], "excluded_lines": []}, "CacheNamespace._namespaced_key": {"executed_lines": [], "summary": {"covered_lines": 0, "num_statements": 1, "percent_covered": 0.0, "percent_covered_display": "0", "missing_lines": 1, "excluded_lines": 0}, "missing_lines": [168], "excluded_lines": []}, "CacheNamespace.get": {"executed_lines": [], "summary": {"covered_lines": 0, "num_statements": 1, "percent_covered": 0.0, "percent_covered_display": "0", "missing_lines": 1, "excluded_lines": 0}, "missing_lines": [172], "excluded_lines": []}, "CacheNamespace.set": {"executed_lines": [], "summary": {"covered_lines": 0, "num_statements": 1, "percent_covered": 0.0, "percent_covered_display": "0", "missing_lines": 1, "excluded_lines": 0}, "missing_lines": [176], "excluded_lines": []}, "CacheNamespace.delete": {"executed_lines": [], "summary": {"covered_lines": 0, "num_statements": 1, "percent_covered": 0.0, "percent_covered_display": "0", "missing_lines": 1, "excluded_lines": 0}, "missing_lines": [180], "excluded_lines": []}, "CacheNamespace.clear": {"executed_lines": [], "summary": {"covered_lines": 0, "num_statements": 2, "percent_covered": 0.0, "percent_covered_display": "0", "missing_lines": 2, "excluded_lines": 0}, "missing_lines": [184, 185], "excluded_lines": []}, "": {"executed_lines": [1, 2, 3, 4, 5, 6, 8, 10, 13, 69, 115, 146, 147, 156, 160, 163, 166, 170, 174, 178, 182], "summary": {"covered_lines": 19, "num_statements": 19, "percent_covered": 100.0, "percent_covered_display": "100", "missing_lines": 0, "excluded_lines": 0}, "missing_lines": [], "excluded_lines": []}}, "classes": {"CacheNamespace": {"executed_lines": [], "summary": {"covered_lines": 0, "num_statements": 10, "percent_covered": 0.0, "percent_covered_display": "0", "missing_lines": 10, "excluded_lines": 0}, "missing_lines": [157, 158, 161, 164, 168, 172, 176, 180, 184, 185], "excluded_lines": []}, "": {"executed_lines": [1, 2, 3, 4, 5, 6, 8, 10, 13, 69, 115, 146, 147, 156, 160, 163, 166, 170, 174, 178, 182], "summary": {"covered_lines": 19, "num_statements": 70, "percent_covered": 27.142857142857142, "percent_covered_display": "27", "missing_lines": 51, "excluded_lines": 0}, "missing_lines": [32, 33, 34, 35, 38, 40, 41, 42, 43, 44, 45, 47, 50, 51, 52, 53, 56, 57, 60, 62, 64, 66, 82, 83, 84, 85, 88, 89, 92, 93, 94, 96, 97, 100, 101, 104, 105, 106, 108, 110, 112, 128, 129, 130, 132, 135, 136, 137, 139, 141, 143], "excluded_lines": []}}}, "src/cache/redis_client.py": {"executed_lines": [1, 2, 3, 4, 5, 6, 8, 9, 13, 14, 15, 16, 17, 19, 21, 24, 25, 27, 28, 29, 30, 32, 34, 35, 36, 70, 77, 79, 80, 83, 88, 118, 159, 182, 203, 231, 253, 254, 272, 275, 279, 280, 282, 284], "summary": {"covered_lines": 42, "num_statements": 144, "percent_covered": 29.166666666666668, "percent_covered_display": "29", "missing_lines": 102, "excluded_lines": 0}, "missing_lines": [10, 11, 12, 38, 39, 40, 42, 44, 47, 57, 60, 61, 63, 64, 65, 66, 67, 68, 72, 73, 74, 75, 81, 82, 84, 85, 86, 98, 99, 100, 101, 103, 104, 105, 106, 108, 109, 111, 112, 113, 114, 115, 116, 135, 136, 137, 138, 141, 142, 145, 148, 149, 150, 152, 153, 154, 155, 156, 157, 169, 170, 171, 172, 174, 175, 176, 178, 179, 180, 192, 193, 194, 196, 197, 199, 200, 201, 213, 214, 215, 216, 219, 220, 221, 222, 224, 225, 227, 228, 229, 242, 243, 244, 246, 247, 249, 250, 251, 266, 267, 268, 281], "excluded_lines": [], "functions": {"RedisCache.__init__": {"executed_lines": [28, 29, 30], "summary": {"covered_lines": 3, "num_statements": 3, "percent_covered": 100.0, "percent_covered_display": "100", "missing_lines": 0, "excluded_lines": 0}, "missing_lines": [], "excluded_lines": []}, "RedisCache.connect": {"executed_lines": [34, 35, 36], "summary": {"covered_lines": 3, "num_statements": 18, "percent_covered": 16.666666666666668, "percent_covered_display": "17", "missing_lines": 15, "excluded_lines": 0}, "missing_lines": [38, 39, 40, 42, 44, 47, 57, 60, 61, 63, 64, 65, 66, 67, 68], "excluded_lines": []}, "RedisCache.disconnect": {"executed_lines": [], "summary": {"covered_lines": 0, "num_statements": 4, "percent_covered": 0.0, "percent_covered_display": "0", "missing_lines": 4, "excluded_lines": 0}, "missing_lines": [72, 73, 74, 75], "excluded_lines": []}, "RedisCache.health_check": {"executed_lines": [79, 80, 83], "summary": {"covered_lines": 3, "num_statements": 8, "percent_covered": 37.5, "percent_covered_display": "38", "missing_lines": 5, "excluded_lines": 0}, "missing_lines": [81, 82, 84, 85, 86], "excluded_lines": []}, "RedisCache.get": {"executed_lines": [], "summary": {"covered_lines": 0, "num_statements": 16, "percent_covered": 0.0, "percent_covered_display": "0", "missing_lines": 16, "excluded_lines": 0}, "missing_lines": [98, 99, 100, 101, 103, 104, 105, 106, 108, 109, 111, 112, 113, 114, 115, 116], "excluded_lines": []}, "RedisCache.set": {"executed_lines": [], "summary": {"covered_lines": 0, "num_statements": 16, "percent_covered": 0.0, "percent_covered_display": "0", "missing_lines": 16, "excluded_lines": 0}, "missing_lines": [135, 136, 137, 138, 141, 142, 145, 148, 149, 150, 152, 153, 154, 155, 156, 157], "excluded_lines": []}, "RedisCache.delete": {"executed_lines": [], "summary": {"covered_lines": 0, "num_statements": 10, "percent_covered": 0.0, "percent_covered_display": "0", "missing_lines": 10, "excluded_lines": 0}, "missing_lines": [169, 170, 171, 172, 174, 175, 176, 178, 179, 180], "excluded_lines": []}, "RedisCache.exists": {"executed_lines": [], "summary": {"covered_lines": 0, "num_statements": 8, "percent_covered": 0.0, "percent_covered_display": "0", "missing_lines": 8, "excluded_lines": 0}, "missing_lines": [192, 193, 194, 196, 197, 199, 200, 201], "excluded_lines": []}, "RedisCache.clear_pattern": {"executed_lines": [], "summary": {"covered_lines": 0, "num_statements": 13, "percent_covered": 0.0, "percent_covered_display": "0", "missing_lines": 13, "excluded_lines": 0}, "missing_lines": [213, 214, 215, 216, 219, 220, 221, 222, 224, 225, 227, 228, 229], "excluded_lines": []}, "RedisCache.increment": {"executed_lines": [], "summary": {"covered_lines": 0, "num_statements": 8, "percent_covered": 0.0, "percent_covered_display": "0", "missing_lines": 8, "excluded_lines": 0}, "missing_lines": [242, 243, 244, 246, 247, 249, 250, 251], "excluded_lines": []}, "RedisCache.generate_cache_key": {"executed_lines": [], "summary": {"covered_lines": 0, "num_statements": 3, "percent_covered": 0.0, "percent_covered_display": "0", "missing_lines": 3, "excluded_lines": 0}, "missing_lines": [266, 267, 268], "excluded_lines": []}, "get_redis_cache": {"executed_lines": [279, 280, 282, 284], "summary": {"covered_lines": 4, "num_statements": 5, "percent_covered": 80.0, "percent_covered_display": "80", "missing_lines": 1, "excluded_lines": 0}, "missing_lines": [281], "excluded_lines": []}, "": {"executed_lines": [1, 2, 3, 4, 5, 6, 8, 9, 13, 14, 15, 16, 17, 19, 21, 24, 25, 27, 32, 70, 77, 88, 118, 159, 182, 203, 231, 253, 254, 272, 275], "summary": {"covered_lines": 29, "num_statements": 32, "percent_covered": 90.625, "percent_covered_display": "91", "missing_lines": 3, "excluded_lines": 0}, "missing_lines": [10, 11, 12], "excluded_lines": []}}, "classes": {"RedisCache": {"executed_lines": [28, 29, 30, 34, 35, 36, 79, 80, 83], "summary": {"covered_lines": 9, "num_statements": 107, "percent_covered": 8.411214953271028, "percent_covered_display": "8", "missing_lines": 98, "excluded_lines": 0}, "missing_lines": [38, 39, 40, 42, 44, 47, 57, 60, 61, 63, 64, 65, 66, 67, 68, 72, 73, 74, 75, 81, 82, 84, 85, 86, 98, 99, 100, 101, 103, 104, 105, 106, 108, 109, 111, 112, 113, 114, 115, 116, 135, 136, 137, 138, 141, 142, 145, 148, 149, 150, 152, 153, 154, 155, 156, 157, 169, 170, 171, 172, 174, 175, 176, 178, 179, 180, 192, 193, 194, 196, 197, 199, 200, 201, 213, 214, 215, 216, 219, 220, 221, 222, 224, 225, 227, 228, 229, 242, 243, 244, 246, 247, 249, 250, 251, 266, 267, 268], "excluded_lines": []}, "": {"executed_lines": [1, 2, 3, 4, 5, 6, 8, 9, 13, 14, 15, 16, 17, 19, 21, 24, 25, 27, 32, 70, 77, 88, 118, 159, 182, 203, 231, 253, 254, 272, 275, 279, 280, 282, 284], "summary": {"covered_lines": 33, "num_statements": 37, "percent_covered": 89.1891891891892, "percent_covered_display": "89", "missing_lines": 4, "excluded_lines": 0}, "missing_lines": [10, 11, 12, 281], "excluded_lines": []}}}, "src/config/__init__.py": {"executed_lines": [1, 2, 4], "summary": {"covered_lines": 2, "num_statements": 2, "percent_covered": 100.0, "percent_covered_display": "100", "missing_lines": 0, "excluded_lines": 0}, "missing_lines": [], "excluded_lines": [], "functions": {"": {"executed_lines": [1, 2, 4], "summary": {"covered_lines": 2, "num_statements": 2, "percent_covered": 100.0, "percent_covered_display": "100", "missing_lines": 0, "excluded_lines": 0}, "missing_lines": [], "excluded_lines": []}}, "classes": {"": {"executed_lines": [1, 2, 4], "summary": {"covered_lines": 2, "num_statements": 2, "percent_covered": 100.0, "percent_covered_display": "100", "missing_lines": 0, "excluded_lines": 0}, "missing_lines": [], "excluded_lines": []}}}, "src/config/settings.py": {"executed_lines": [1, 2, 3, 4, 7, 9, 10, 11, 12, 15, 16, 19, 20, 21, 24, 25, 26, 29, 30, 33, 34, 35, 37, 38, 39, 41, 42], "summary": {"covered_lines": 26, "num_statements": 30, "percent_covered": 86.66666666666667, "percent_covered_display": "87", "missing_lines": 4, "excluded_lines": 0}, "missing_lines": [45, 46, 47, 50], "excluded_lines": [], "functions": {"Settings.ollama_url": {"executed_lines": [], "summary": {"covered_lines": 0, "num_statements": 4, "percent_covered": 0.0, "percent_covered_display": "0", "missing_lines": 4, "excluded_lines": 0}, "missing_lines": [45, 46, 47, 50], "excluded_lines": []}, "": {"executed_lines": [1, 2, 3, 4, 7, 9, 10, 11, 12, 15, 16, 19, 20, 21, 24, 25, 26, 29, 30, 33, 34, 35, 37, 38, 39, 41, 42], "summary": {"covered_lines": 26, "num_statements": 26, "percent_covered": 100.0, "percent_covered_display": "100", "missing_lines": 0, "excluded_lines": 0}, "missing_lines": [], "excluded_lines": []}}, "classes": {"Settings": {"executed_lines": [], "summary": {"covered_lines": 0, "num_statements": 4, "percent_covered": 0.0, "percent_covered_display": "0", "missing_lines": 4, "excluded_lines": 0}, "missing_lines": [45, 46, 47, 50], "excluded_lines": []}, "Settings.Config": {"executed_lines": [], "summary": {"covered_lines": 0, "num_statements": 0, "percent_covered": 100.0, "percent_covered_display": "100", "missing_lines": 0, "excluded_lines": 0}, "missing_lines": [], "excluded_lines": []}, "": {"executed_lines": [1, 2, 3, 4, 7, 9, 10, 11, 12, 15, 16, 19, 20, 21, 24, 25, 26, 29, 30, 33, 34, 35, 37, 38, 39, 41, 42], "summary": {"covered_lines": 26, "num_statements": 26, "percent_covered": 100.0, "percent_covered_display": "100", "missing_lines": 0, "excluded_lines": 0}, "missing_lines": [], "excluded_lines": []}}}, "src/core/__init__.py": {"executed_lines": [1, 2, 3, 5], "summary": {"covered_lines": 3, "num_statements": 3, "percent_covered": 100.0, "percent_covered_display": "100", "missing_lines": 0, "excluded_lines": 0}, "missing_lines": [], "excluded_lines": [], "functions": {"": {"executed_lines": [1, 2, 3, 5], "summary": {"covered_lines": 3, "num_statements": 3, "percent_covered": 100.0, "percent_covered_display": "100", "missing_lines": 0, "excluded_lines": 0}, "missing_lines": [], "excluded_lines": []}}, "classes": {"": {"executed_lines": [1, 2, 3, 5], "summary": {"covered_lines": 3, "num_statements": 3, "percent_covered": 100.0, "percent_covered_display": "100", "missing_lines": 0, "excluded_lines": 0}, "missing_lines": [], "excluded_lines": []}}}, "src/core/connection_tester.py": {"executed_lines": [1, 2, 3, 4, 5, 6, 8, 11, 12, 14, 60, 81, 105, 133, 157, 184], "summary": {"covered_lines": 14, "num_statements": 96, "percent_covered": 14.583333333333334, "percent_covered_display": "15", "missing_lines": 82, "excluded_lines": 0}, "missing_lines": [37, 38, 39, 40, 41, 42, 43, 44, 45, 46, 47, 49, 53, 54, 55, 62, 63, 64, 66, 67, 69, 71, 75, 76, 85, 86, 87, 89, 90, 91, 93, 95, 99, 100, 109, 111, 112, 114, 115, 116, 118, 120, 124, 126, 127, 128, 137, 138, 139, 141, 142, 143, 145, 147, 151, 152, 159, 160, 161, 163, 164, 165, 167, 169, 173, 174, 178, 179, 188, 189, 192, 193, 195, 197, 200, 201, 203, 205, 209, 210, 214, 215], "excluded_lines": [], "functions": {"ConnectionTester.test_connection": {"executed_lines": [], "summary": {"covered_lines": 0, "num_statements": 15, "percent_covered": 0.0, "percent_covered_display": "0", "missing_lines": 15, "excluded_lines": 0}, "missing_lines": [37, 38, 39, 40, 41, 42, 43, 44, 45, 46, 47, 49, 53, 54, 55], "excluded_lines": []}, "ConnectionTester._test_sqlite": {"executed_lines": [], "summary": {"covered_lines": 0, "num_statements": 9, "percent_covered": 0.0, "percent_covered_display": "0", "missing_lines": 9, "excluded_lines": 0}, "missing_lines": [62, 63, 64, 66, 67, 69, 71, 75, 76], "excluded_lines": []}, "ConnectionTester._test_postgresql": {"executed_lines": [], "summary": {"covered_lines": 0, "num_statements": 10, "percent_covered": 0.0, "percent_covered_display": "0", "missing_lines": 10, "excluded_lines": 0}, "missing_lines": [85, 86, 87, 89, 90, 91, 93, 95, 99, 100], "excluded_lines": []}, "ConnectionTester._test_mysql": {"executed_lines": [], "summary": {"covered_lines": 0, "num_statements": 12, "percent_covered": 0.0, "percent_covered_display": "0", "missing_lines": 12, "excluded_lines": 0}, "missing_lines": [109, 111, 112, 114, 115, 116, 118, 120, 124, 126, 127, 128], "excluded_lines": []}, "ConnectionTester._test_mysql_sync": {"executed_lines": [], "summary": {"covered_lines": 0, "num_statements": 10, "percent_covered": 0.0, "percent_covered_display": "0", "missing_lines": 10, "excluded_lines": 0}, "missing_lines": [137, 138, 139, 141, 142, 143, 145, 147, 151, 152], "excluded_lines": []}, "ConnectionTester._test_duckdb": {"executed_lines": [], "summary": {"covered_lines": 0, "num_statements": 12, "percent_covered": 0.0, "percent_covered_display": "0", "missing_lines": 12, "excluded_lines": 0}, "missing_lines": [159, 160, 161, 163, 164, 165, 167, 169, 173, 174, 178, 179], "excluded_lines": []}, "ConnectionTester._test_mongodb": {"executed_lines": [], "summary": {"covered_lines": 0, "num_statements": 14, "percent_covered": 0.0, "percent_covered_display": "0", "missing_lines": 14, "excluded_lines": 0}, "missing_lines": [188, 189, 192, 193, 195, 197, 200, 201, 203, 205, 209, 210, 214, 215], "excluded_lines": []}, "": {"executed_lines": [1, 2, 3, 4, 5, 6, 8, 11, 12, 14, 60, 81, 105, 133, 157, 184], "summary": {"covered_lines": 14, "num_statements": 14, "percent_covered": 100.0, "percent_covered_display": "100", "missing_lines": 0, "excluded_lines": 0}, "missing_lines": [], "excluded_lines": []}}, "classes": {"ConnectionTester": {"executed_lines": [], "summary": {"covered_lines": 0, "num_statements": 82, "percent_covered": 0.0, "percent_covered_display": "0", "missing_lines": 82, "excluded_lines": 0}, "missing_lines": [37, 38, 39, 40, 41, 42, 43, 44, 45, 46, 47, 49, 53, 54, 55, 62, 63, 64, 66, 67, 69, 71, 75, 76, 85, 86, 87, 89, 90, 91, 93, 95, 99, 100, 109, 111, 112, 114, 115, 116, 118, 120, 124, 126, 127, 128, 137, 138, 139, 141, 142, 143, 145, 147, 151, 152, 159, 160, 161, 163, 164, 165, 167, 169, 173, 174, 178, 179, 188, 189, 192, 193, 195, 197, 200, 201, 203, 205, 209, 210, 214, 215], "excluded_lines": []}, "": {"executed_lines": [1, 2, 3, 4, 5, 6, 8, 11, 12, 14, 60, 81, 105, 133, 157, 184], "summary": {"covered_lines": 14, "num_statements": 14, "percent_covered": 100.0, "percent_covered_display": "100", "missing_lines": 0, "excluded_lines": 0}, "missing_lines": [], "excluded_lines": []}}}, "src/core/executor.py": {"executed_lines": [1, 2, 3, 4, 5, 6, 7, 8, 9, 11, 14, 15, 16, 19, 20, 24, 42, 160, 220, 280, 281, 322, 365], "summary": {"covered_lines": 20, "num_statements": 112, "percent_covered": 17.857142857142858, "percent_covered_display": "18", "missing_lines": 92, "excluded_lines": 0}, "missing_lines": [38, 39, 40, 66, 68, 70, 72, 81, 86, 87, 89, 99, 100, 101, 102, 112, 113, 114, 124, 125, 126, 136, 137, 138, 148, 149, 150, 178, 181, 184, 186, 189, 190, 191, 194, 197, 202, 210, 211, 213, 238, 241, 244, 246, 249, 250, 251, 254, 257, 262, 270, 271, 273, 291, 292, 295, 296, 299, 300, 303, 304, 305, 306, 307, 310, 311, 312, 313, 314, 317, 318, 319, 320, 344, 345, 348, 351, 354, 356, 357, 363, 375, 378, 379, 380, 381, 382, 385, 386, 387, 388, 390], "excluded_lines": [], "functions": {"SQLExecutor.__init__": {"executed_lines": [], "summary": {"covered_lines": 0, "num_statements": 3, "percent_covered": 0.0, "percent_covered_display": "0", "missing_lines": 3, "excluded_lines": 0}, "missing_lines": [38, 39, 40], "excluded_lines": []}, "SQLExecutor.execute_query": {"executed_lines": [], "summary": {"covered_lines": 0, "num_statements": 24, "percent_covered": 0.0, "percent_covered_display": "0", "missing_lines": 24, "excluded_lines": 0}, "missing_lines": [66, 68, 70, 72, 81, 86, 87, 89, 99, 100, 101, 102, 112, 113, 114, 124, 125, 126, 136, 137, 138, 148, 149, 150], "excluded_lines": []}, "SQLExecutor._execute_with_sync_session": {"executed_lines": [], "summary": {"covered_lines": 0, "num_statements": 13, "percent_covered": 0.0, "percent_covered_display": "0", "missing_lines": 13, "excluded_lines": 0}, "missing_lines": [178, 181, 184, 186, 189, 190, 191, 194, 197, 202, 210, 211, 213], "excluded_lines": []}, "SQLExecutor._execute_with_session": {"executed_lines": [], "summary": {"covered_lines": 0, "num_statements": 13, "percent_covered": 0.0, "percent_covered_display": "0", "missing_lines": 13, "excluded_lines": 0}, "missing_lines": [238, 241, 244, 246, 249, 250, 251, 254, 257, 262, 270, 271, 273], "excluded_lines": []}, "SQLExecutor._serialize_value": {"executed_lines": [], "summary": {"covered_lines": 0, "num_statements": 20, "percent_covered": 0.0, "percent_covered_display": "0", "missing_lines": 20, "excluded_lines": 0}, "missing_lines": [291, 292, 295, 296, 299, 300, 303, 304, 305, 306, 307, 310, 311, 312, 313, 314, 317, 318, 319, 320], "excluded_lines": []}, "SQLExecutor.execute_with_pagination": {"executed_lines": [], "summary": {"covered_lines": 0, "num_statements": 8, "percent_covered": 0.0, "percent_covered_display": "0", "missing_lines": 8, "excluded_lines": 0}, "missing_lines": [344, 345, 348, 351, 354, 356, 357, 363], "excluded_lines": []}, "SQLExecutor.validate_query_safety": {"executed_lines": [], "summary": {"covered_lines": 0, "num_statements": 11, "percent_covered": 0.0, "percent_covered_display": "0", "missing_lines": 11, "excluded_lines": 0}, "missing_lines": [375, 378, 379, 380, 381, 382, 385, 386, 387, 388, 390], "excluded_lines": []}, "": {"executed_lines": [1, 2, 3, 4, 5, 6, 7, 8, 9, 11, 14, 15, 16, 19, 20, 24, 42, 160, 220, 280, 281, 322, 365], "summary": {"covered_lines": 20, "num_statements": 20, "percent_covered": 100.0, "percent_covered_display": "100", "missing_lines": 0, "excluded_lines": 0}, "missing_lines": [], "excluded_lines": []}}, "classes": {"QueryTimeout": {"executed_lines": [], "summary": {"covered_lines": 0, "num_statements": 0, "percent_covered": 100.0, "percent_covered_display": "100", "missing_lines": 0, "excluded_lines": 0}, "missing_lines": [], "excluded_lines": []}, "SQLExecutor": {"executed_lines": [], "summary": {"covered_lines": 0, "num_statements": 92, "percent_covered": 0.0, "percent_covered_display": "0", "missing_lines": 92, "excluded_lines": 0}, "missing_lines": [38, 39, 40, 66, 68, 70, 72, 81, 86, 87, 89, 99, 100, 101, 102, 112, 113, 114, 124, 125, 126, 136, 137, 138, 148, 149, 150, 178, 181, 184, 186, 189, 190, 191, 194, 197, 202, 210, 211, 213, 238, 241, 244, 246, 249, 250, 251, 254, 257, 262, 270, 271, 273, 291, 292, 295, 296, 299, 300, 303, 304, 305, 306, 307, 310, 311, 312, 313, 314, 317, 318, 319, 320, 344, 345, 348, 351, 354, 356, 357, 363, 375, 378, 379, 380, 381, 382, 385, 386, 387, 388, 390], "excluded_lines": []}, "": {"executed_lines": [1, 2, 3, 4, 5, 6, 7, 8, 9, 11, 14, 15, 16, 19, 20, 24, 42, 160, 220, 280, 281, 322, 365], "summary": {"covered_lines": 20, "num_statements": 20, "percent_covered": 100.0, "percent_covered_display": "100", "missing_lines": 0, "excluded_lines": 0}, "missing_lines": [], "excluded_lines": []}}}, "src/core/multi_db_handler.py": {"executed_lines": [1, 2, 3, 4, 6, 7, 8, 9, 10, 11, 13, 16, 17, 19, 22, 85, 146, 195, 302, 325, 379, 434], "summary": {"covered_lines": 20, "num_statements": 154, "percent_covered": 12.987012987012987, "percent_covered_display": "13", "missing_lines": 134, "excluded_lines": 0}, "missing_lines": [20, 34, 40, 41, 42, 44, 47, 56, 57, 60, 61, 65, 69, 70, 72, 83, 95, 96, 100, 101, 102, 105, 107, 110, 111, 112, 114, 115, 116, 119, 120, 121, 122, 123, 124, 125, 126, 128, 131, 132, 133, 134, 139, 140, 142, 144, 167, 168, 169, 175, 176, 177, 179, 181, 182, 185, 224, 225, 227, 228, 229, 232, 239, 241, 250, 259, 260, 261, 273, 286, 287, 290, 304, 305, 306, 307, 308, 309, 310, 311, 312, 313, 315, 316, 317, 318, 321, 323, 343, 345, 346, 347, 348, 350, 351, 358, 360, 361, 362, 369, 372, 375, 377, 396, 397, 398, 400, 401, 404, 406, 407, 413, 416, 418, 420, 423, 424, 429, 430, 432, 448, 450, 451, 452, 455, 456, 457, 460, 461, 462, 466, 467, 476, 480], "excluded_lines": [], "functions": {"MultiDatabaseHandler.__init__": {"executed_lines": [], "summary": {"covered_lines": 0, "num_statements": 1, "percent_covered": 0.0, "percent_covered_display": "0", "missing_lines": 1, "excluded_lines": 0}, "missing_lines": [20], "excluded_lines": []}, "MultiDatabaseHandler.build_combined_schema": {"executed_lines": [], "summary": {"covered_lines": 0, "num_statements": 15, "percent_covered": 0.0, "percent_covered_display": "0", "missing_lines": 15, "excluded_lines": 0}, "missing_lines": [34, 40, 41, 42, 44, 47, 56, 57, 60, 61, 65, 69, 70, 72, 83], "excluded_lines": []}, "MultiDatabaseHandler.format_schema_for_llm": {"executed_lines": [], "summary": {"covered_lines": 0, "num_statements": 30, "percent_covered": 0.0, "percent_covered_display": "0", "missing_lines": 30, "excluded_lines": 0}, "missing_lines": [95, 96, 100, 101, 102, 105, 107, 110, 111, 112, 114, 115, 116, 119, 120, 121, 122, 123, 124, 125, 126, 128, 131, 132, 133, 134, 139, 140, 142, 144], "excluded_lines": []}, "MultiDatabaseHandler.execute_query_on_database": {"executed_lines": [], "summary": {"covered_lines": 0, "num_statements": 10, "percent_covered": 0.0, "percent_covered_display": "0", "missing_lines": 10, "excluded_lines": 0}, "missing_lines": [167, 168, 169, 175, 176, 177, 179, 181, 182, 185], "excluded_lines": []}, "MultiDatabaseHandler.execute_query_with_self_correction": {"executed_lines": [], "summary": {"covered_lines": 0, "num_statements": 16, "percent_covered": 0.0, "percent_covered_display": "0", "missing_lines": 16, "excluded_lines": 0}, "missing_lines": [224, 225, 227, 228, 229, 232, 239, 241, 250, 259, 260, 261, 273, 286, 287, 290], "excluded_lines": []}, "MultiDatabaseHandler._format_single_db_schema": {"executed_lines": [], "summary": {"covered_lines": 0, "num_statements": 16, "percent_covered": 0.0, "percent_covered_display": "0", "missing_lines": 16, "excluded_lines": 0}, "missing_lines": [304, 305, 306, 307, 308, 309, 310, 311, 312, 313, 315, 316, 317, 318, 321, 323], "excluded_lines": []}, "MultiDatabaseHandler.execute_multi_database_query": {"executed_lines": [], "summary": {"covered_lines": 0, "num_statements": 15, "percent_covered": 0.0, "percent_covered_display": "0", "missing_lines": 15, "excluded_lines": 0}, "missing_lines": [343, 345, 346, 347, 348, 350, 351, 358, 360, 361, 362, 369, 372, 375, 377], "excluded_lines": []}, "MultiDatabaseHandler.parse_multi_database_sql": {"executed_lines": [], "summary": {"covered_lines": 0, "num_statements": 17, "percent_covered": 0.0, "percent_covered_display": "0", "missing_lines": 17, "excluded_lines": 0}, "missing_lines": [396, 397, 398, 400, 401, 404, 406, 407, 413, 416, 418, 420, 423, 424, 429, 430, 432], "excluded_lines": []}, "MultiDatabaseHandler.map_database_names_to_connections": {"executed_lines": [], "summary": {"covered_lines": 0, "num_statements": 14, "percent_covered": 0.0, "percent_covered_display": "0", "missing_lines": 14, "excluded_lines": 0}, "missing_lines": [448, 450, 451, 452, 455, 456, 457, 460, 461, 462, 466, 467, 476, 480], "excluded_lines": []}, "": {"executed_lines": [1, 2, 3, 4, 6, 7, 8, 9, 10, 11, 13, 16, 17, 19, 22, 85, 146, 195, 302, 325, 379, 434], "summary": {"covered_lines": 20, "num_statements": 20, "percent_covered": 100.0, "percent_covered_display": "100", "missing_lines": 0, "excluded_lines": 0}, "missing_lines": [], "excluded_lines": []}}, "classes": {"MultiDatabaseHandler": {"executed_lines": [], "summary": {"covered_lines": 0, "num_statements": 134, "percent_covered": 0.0, "percent_covered_display": "0", "missing_lines": 134, "excluded_lines": 0}, "missing_lines": [20, 34, 40, 41, 42, 44, 47, 56, 57, 60, 61, 65, 69, 70, 72, 83, 95, 96, 100, 101, 102, 105, 107, 110, 111, 112, 114, 115, 116, 119, 120, 121, 122, 123, 124, 125, 126, 128, 131, 132, 133, 134, 139, 140, 142, 144, 167, 168, 169, 175, 176, 177, 179, 181, 182, 185, 224, 225, 227, 228, 229, 232, 239, 241, 250, 259, 260, 261, 273, 286, 287, 290, 304, 305, 306, 307, 308, 309, 310, 311, 312, 313, 315, 316, 317, 318, 321, 323, 343, 345, 346, 347, 348, 350, 351, 358, 360, 361, 362, 369, 372, 375, 377, 396, 397, 398, 400, 401, 404, 406, 407, 413, 416, 418, 420, 423, 424, 429, 430, 432, 448, 450, 451, 452, 455, 456, 457, 460, 461, 462, 466, 467, 476, 480], "excluded_lines": []}, "": {"executed_lines": [1, 2, 3, 4, 6, 7, 8, 9, 10, 11, 13, 16, 17, 19, 22, 85, 146, 195, 302, 325, 379, 434], "summary": {"covered_lines": 20, "num_statements": 20, "percent_covered": 100.0, "percent_covered_display": "100", "missing_lines": 0, "excluded_lines": 0}, "missing_lines": [], "excluded_lines": []}}}, "src/core/schema_inspector.py": {"executed_lines": [1, 2, 3, 4, 5, 6, 8, 11, 12, 16, 20, 86, 123, 178, 216, 275, 323], "summary": {"covered_lines": 15, "num_statements": 96, "percent_covered": 15.625, "percent_covered_display": "16", "missing_lines": 81, "excluded_lines": 0}, "missing_lines": [18, 35, 37, 40, 49, 51, 54, 57, 60, 62, 69, 72, 73, 80, 82, 83, 84, 101, 103, 111, 116, 117, 119, 120, 121, 140, 141, 154, 162, 163, 164, 172, 174, 175, 176, 195, 196, 205, 210, 212, 213, 214, 233, 234, 252, 260, 261, 262, 269, 271, 272, 273, 292, 293, 302, 310, 311, 312, 317, 319, 320, 321, 333, 336, 337, 340, 341, 344, 345, 346, 347, 348, 351, 352, 353, 354, 359, 360, 361, 362, 367], "excluded_lines": [], "functions": {"SchemaInspector.__init__": {"executed_lines": [], "summary": {"covered_lines": 0, "num_statements": 1, "percent_covered": 0.0, "percent_covered_display": "0", "missing_lines": 1, "excluded_lines": 0}, "missing_lines": [18], "excluded_lines": []}, "SchemaInspector.get_full_schema": {"executed_lines": [], "summary": {"covered_lines": 0, "num_statements": 16, "percent_covered": 0.0, "percent_covered_display": "0", "missing_lines": 16, "excluded_lines": 0}, "missing_lines": [35, 37, 40, 49, 51, 54, 57, 60, 62, 69, 72, 73, 80, 82, 83, 84], "excluded_lines": []}, "SchemaInspector.get_tables": {"executed_lines": [], "summary": {"covered_lines": 0, "num_statements": 8, "percent_covered": 0.0, "percent_covered_display": "0", "missing_lines": 8, "excluded_lines": 0}, "missing_lines": [101, 103, 111, 116, 117, 119, 120, 121], "excluded_lines": []}, "SchemaInspector.get_columns": {"executed_lines": [], "summary": {"covered_lines": 0, "num_statements": 10, "percent_covered": 0.0, "percent_covered_display": "0", "missing_lines": 10, "excluded_lines": 0}, "missing_lines": [140, 141, 154, 162, 163, 164, 172, 174, 175, 176], "excluded_lines": []}, "SchemaInspector.get_primary_keys": {"executed_lines": [], "summary": {"covered_lines": 0, "num_statements": 7, "percent_covered": 0.0, "percent_covered_display": "0", "missing_lines": 7, "excluded_lines": 0}, "missing_lines": [195, 196, 205, 210, 212, 213, 214], "excluded_lines": []}, "SchemaInspector.get_foreign_keys": {"executed_lines": [], "summary": {"covered_lines": 0, "num_statements": 10, "percent_covered": 0.0, "percent_covered_display": "0", "missing_lines": 10, "excluded_lines": 0}, "missing_lines": [233, 234, 252, 260, 261, 262, 269, 271, 272, 273], "excluded_lines": []}, "SchemaInspector.get_indexes": {"executed_lines": [], "summary": {"covered_lines": 0, "num_statements": 10, "percent_covered": 0.0, "percent_covered_display": "0", "missing_lines": 10, "excluded_lines": 0}, "missing_lines": [292, 293, 302, 310, 311, 312, 317, 319, 320, 321], "excluded_lines": []}, "SchemaInspector.format_schema_for_llm": {"executed_lines": [], "summary": {"covered_lines": 0, "num_statements": 19, "percent_covered": 0.0, "percent_covered_display": "0", "missing_lines": 19, "excluded_lines": 0}, "missing_lines": [333, 336, 337, 340, 341, 344, 345, 346, 347, 348, 351, 352, 353, 354, 359, 360, 361, 362, 367], "excluded_lines": []}, "": {"executed_lines": [1, 2, 3, 4, 5, 6, 8, 11, 12, 16, 20, 86, 123, 178, 216, 275, 323], "summary": {"covered_lines": 15, "num_statements": 15, "percent_covered": 100.0, "percent_covered_display": "100", "missing_lines": 0, "excluded_lines": 0}, "missing_lines": [], "excluded_lines": []}}, "classes": {"SchemaInspector": {"executed_lines": [], "summary": {"covered_lines": 0, "num_statements": 81, "percent_covered": 0.0, "percent_covered_display": "0", "missing_lines": 81, "excluded_lines": 0}, "missing_lines": [18, 35, 37, 40, 49, 51, 54, 57, 60, 62, 69, 72, 73, 80, 82, 83, 84, 101, 103, 111, 116, 117, 119, 120, 121, 140, 141, 154, 162, 163, 164, 172, 174, 175, 176, 195, 196, 205, 210, 212, 213, 214, 233, 234, 252, 260, 261, 262, 269, 271, 272, 273, 292, 293, 302, 310, 311, 312, 317, 319, 320, 321, 333, 336, 337, 340, 341, 344, 345, 346, 347, 348, 351, 352, 353, 354, 359, 360, 361, 362, 367], "excluded_lines": []}, "": {"executed_lines": [1, 2, 3, 4, 5, 6, 8, 11, 12, 16, 20, 86, 123, 178, 216, 275, 323], "summary": {"covered_lines": 15, "num_statements": 15, "percent_covered": 100.0, "percent_covered_display": "100", "missing_lines": 0, "excluded_lines": 0}, "missing_lines": [], "excluded_lines": []}}}, "src/core/user_db_connector.py": {"executed_lines": [1, 2, 3, 4, 5, 6, 7, 8, 10, 12, 15, 16, 18, 19, 48, 49, 50], "summary": {"covered_lines": 15, "num_statements": 47, "percent_covered": 31.914893617021278, "percent_covered_display": "32", "missing_lines": 32, "excluded_lines": 0}, "missing_lines": [22, 24, 26, 28, 29, 31, 33, 34, 36, 39, 41, 43, 46, 60, 62, 65, 67, 76, 83, 84, 86, 88, 89, 90, 93, 102, 109, 110, 111, 113, 116, 117], "excluded_lines": [], "functions": {"UserDatabaseConnector.build_connection_url": {"executed_lines": [], "summary": {"covered_lines": 0, "num_statements": 13, "percent_covered": 0.0, "percent_covered_display": "0", "missing_lines": 13, "excluded_lines": 0}, "missing_lines": [22, 24, 26, 28, 29, 31, 33, 34, 36, 39, 41, 43, 46], "excluded_lines": []}, "UserDatabaseConnector.get_user_db_session": {"executed_lines": [], "summary": {"covered_lines": 0, "num_statements": 19, "percent_covered": 0.0, "percent_covered_display": "0", "missing_lines": 19, "excluded_lines": 0}, "missing_lines": [60, 62, 65, 67, 76, 83, 84, 86, 88, 89, 90, 93, 102, 109, 110, 111, 113, 116, 117], "excluded_lines": []}, "": {"executed_lines": [1, 2, 3, 4, 5, 6, 7, 8, 10, 12, 15, 16, 18, 19, 48, 49, 50], "summary": {"covered_lines": 15, "num_statements": 15, "percent_covered": 100.0, "percent_covered_display": "100", "missing_lines": 0, "excluded_lines": 0}, "missing_lines": [], "excluded_lines": []}}, "classes": {"UserDatabaseConnector": {"executed_lines": [], "summary": {"covered_lines": 0, "num_statements": 32, "percent_covered": 0.0, "percent_covered_display": "0", "missing_lines": 32, "excluded_lines": 0}, "missing_lines": [22, 24, 26, 28, 29, 31, 33, 34, 36, 39, 41, 43, 46, 60, 62, 65, 67, 76, 83, 84, 86, 88, 89, 90, 93, 102, 109, 110, 111, 113, 116, 117], "excluded_lines": []}, "": {"executed_lines": [1, 2, 3, 4, 5, 6, 7, 8, 10, 12, 15, 16, 18, 19, 48, 49, 50], "summary": {"covered_lines": 15, "num_statements": 15, "percent_covered": 100.0, "percent_covered_display": "100", "missing_lines": 0, "excluded_lines": 0}, "missing_lines": [], "excluded_lines": []}}}, "src/database/__init__.py": {"executed_lines": [1, 2, 4], "summary": {"covered_lines": 2, "num_statements": 2, "percent_covered": 100.0, "percent_covered_display": "100", "missing_lines": 0, "excluded_lines": 0}, "missing_lines": [], "excluded_lines": [], "functions": {"": {"executed_lines": [1, 2, 4], "summary": {"covered_lines": 2, "num_statements": 2, "percent_covered": 100.0, "percent_covered_display": "100", "missing_lines": 0, "excluded_lines": 0}, "missing_lines": [], "excluded_lines": []}}, "classes": {"": {"executed_lines": [1, 2, 4], "summary": {"covered_lines": 2, "num_statements": 2, "percent_covered": 100.0, "percent_covered_display": "100", "missing_lines": 0, "excluded_lines": 0}, "missing_lines": [], "excluded_lines": []}}}, "src/database/connection.py": {"executed_lines": [1, 2, 3, 4, 5, 6, 7, 8, 10, 12, 15, 18, 19, 21, 22, 23, 24, 25, 26, 28, 55, 57, 60, 62, 66, 76, 84, 86, 87, 103, 104, 120, 122, 123, 124, 132, 133, 134, 136, 143, 151, 160, 168, 171, 175, 176, 178, 180, 183], "summary": {"covered_lines": 47, "num_statements": 107, "percent_covered": 43.925233644859816, "percent_covered_display": "44", "missing_lines": 60, "excluded_lines": 0}, "missing_lines": [30, 33, 34, 37, 47, 53, 61, 63, 89, 90, 92, 93, 94, 95, 96, 97, 98, 99, 101, 106, 107, 109, 110, 111, 112, 113, 114, 115, 116, 118, 125, 126, 127, 128, 129, 130, 131, 138, 139, 140, 141, 145, 146, 147, 148, 149, 153, 154, 155, 156, 158, 162, 163, 164, 177, 185, 187, 188, 190, 191], "excluded_lines": [], "functions": {"DatabaseManager.__init__": {"executed_lines": [22, 23, 24, 25, 26], "summary": {"covered_lines": 5, "num_statements": 5, "percent_covered": 100.0, "percent_covered_display": "100", "missing_lines": 0, "excluded_lines": 0}, "missing_lines": [], "excluded_lines": []}, "DatabaseManager.initialize": {"executed_lines": [], "summary": {"covered_lines": 0, "num_statements": 6, "percent_covered": 0.0, "percent_covered_display": "0", "missing_lines": 6, "excluded_lines": 0}, "missing_lines": [30, 33, 34, 37, 47, 53], "excluded_lines": []}, "DatabaseManager.initialize_async": {"executed_lines": [57, 60, 62, 66, 76, 84], "summary": {"covered_lines": 6, "num_statements": 8, "percent_covered": 75.0, "percent_covered_display": "75", "missing_lines": 2, "excluded_lines": 0}, "missing_lines": [61, 63], "excluded_lines": []}, "DatabaseManager.get_session": {"executed_lines": [], "summary": {"covered_lines": 0, "num_statements": 11, "percent_covered": 0.0, "percent_covered_display": "0", "missing_lines": 11, "excluded_lines": 0}, "missing_lines": [89, 90, 92, 93, 94, 95, 96, 97, 98, 99, 101], "excluded_lines": []}, "DatabaseManager.get_async_session": {"executed_lines": [], "summary": {"covered_lines": 0, "num_statements": 11, "percent_covered": 0.0, "percent_covered_display": "0", "missing_lines": 11, "excluded_lines": 0}, "missing_lines": [106, 107, 109, 110, 111, 112, 113, 114, 115, 116, 118], "excluded_lines": []}, "DatabaseManager.health_check": {"executed_lines": [122, 123, 124, 132, 133, 134], "summary": {"covered_lines": 6, "num_statements": 13, "percent_covered": 46.15384615384615, "percent_covered_display": "46", "missing_lines": 7, "excluded_lines": 0}, "missing_lines": [125, 126, 127
[...]
ded_lines": []}}, "classes": {"ErrorType": {"executed_lines": [], "summary": {"covered_lines": 0, "num_statements": 0, "percent_covered": 100.0, "percent_covered_display": "100", "missing_lines": 0, "excluded_lines": 0}, "missing_lines": [], "excluded_lines": []}, "CorrectionAttempt": {"executed_lines": [], "summary": {"covered_lines": 0, "num_statements": 0, "percent_covered": 100.0, "percent_covered_display": "100", "missing_lines": 0, "excluded_lines": 0}, "missing_lines": [], "excluded_lines": []}, "ErrorDiagnostics": {"executed_lines": [59, 62, 65, 68, 71, 74, 80, 86, 92, 95, 111, 116, 118, 120, 121, 122, 123, 125, 127, 128, 129, 130, 132, 146, 148, 149, 150, 151, 152, 168], "summary": {"covered_lines": 30, "num_statements": 45, "percent_covered": 66.66666666666667, "percent_covered_display": "67", "missing_lines": 15, "excluded_lines": 0}, "missing_lines": [77, 83, 89, 97, 154, 155, 156, 157, 158, 160, 161, 162, 164, 165, 166], "excluded_lines": []}, "SelfCorrectingSQLAgent": {"executed_lines": [205, 206, 207, 208, 209, 210, 213, 214, 215, 221, 222, 225, 226, 227, 230, 231, 232, 233, 234, 238, 273, 274, 275, 278, 279, 280, 281, 283, 286, 287, 288, 290, 296, 297, 299, 301, 302, 309, 312, 315, 316, 317, 320, 321, 339, 342, 343, 361, 364, 370, 372, 375, 376, 379, 385, 394, 396, 398, 401, 402, 403, 404, 405, 406, 414, 466, 480, 494, 495, 498, 499, 521, 522, 681, 682, 683, 688, 690, 705, 707, 708, 718], "summary": {"covered_lines": 82, "num_statements": 163, "percent_covered": 50.306748466257666, "percent_covered_display": "50", "missing_lines": 81, "excluded_lines": 0}, "missing_lines": [216, 220, 239, 240, 241, 284, 285, 322, 323, 330, 331, 332, 333, 344, 351, 352, 353, 358, 415, 421, 422, 423, 429, 432, 440, 444, 447, 450, 451, 454, 455, 458, 461, 462, 463, 468, 469, 470, 478, 501, 502, 503, 506, 515, 517, 518, 566, 567, 568, 570, 576, 577, 578, 581, 587, 597, 598, 599, 601, 603, 605, 606, 616, 617, 620, 621, 624, 625, 626, 629, 632, 638, 640, 642, 643, 644, 647, 657, 658, 661, 662], "excluded_lines": []}, "": {"executed_lines": [1, 2, 3, 4, 5, 7, 8, 9, 11, 14, 15, 17, 18, 19, 22, 23, 24, 25, 26, 27, 28, 29, 30, 33, 34, 35, 36, 37, 38, 39, 40, 41, 42, 45, 46, 48, 49, 99, 100, 134, 135, 171, 172, 183, 243, 534, 671, 695], "summary": {"covered_lines": 43, "num_statements": 44, "percent_covered": 97.72727272727273, "percent_covered_display": "98", "missing_lines": 1, "excluded_lines": 0}, "missing_lines": [16], "excluded_lines": []}}}, "src/llm/sql_generator.py": {"executed_lines": [1, 2, 3, 4, 5, 6, 14, 16, 19, 20, 23, 29, 31, 32, 37, 38, 56, 57, 93, 94, 133, 134, 136, 141, 142, 143, 145, 147, 150, 151, 155, 251, 288, 348, 454], "summary": {"covered_lines": 32, "num_statements": 171, "percent_covered": 18.71345029239766, "percent_covered_display": "19", "missing_lines": 139, "excluded_lines": 0}, "missing_lines": [34, 35, 45, 46, 48, 50, 51, 52, 54, 64, 65, 67, 70, 71, 74, 75, 78, 87, 88, 89, 91, 101, 102, 105, 108, 111, 112, 114, 115, 117, 118, 119, 122, 123, 125, 128, 130, 152, 153, 184, 186, 189, 190, 197, 198, 205, 208, 209, 210, 212, 214, 215, 217, 218, 220, 221, 223, 233, 234, 235, 237, 239, 240, 241, 266, 267, 276, 282, 284, 285, 286, 307, 308, 323, 329, 330, 332, 339, 340, 341, 372, 373, 376, 381, 387, 388, 395, 398, 399, 400, 402, 403, 405, 406, 407, 409, 410, 412, 413, 414, 416, 417, 418, 419, 421, 422, 426, 436, 437, 438, 440, 442, 443, 444, 468, 469, 470, 472, 474, 475, 478, 480, 481, 482, 483, 484, 487, 489, 491, 492, 494, 497, 498, 499, 500, 503, 504, 505, 507], "excluded_lines": [], "functions": {"SQLValidator.is_read_only": {"executed_lines": [], "summary": {"covered_lines": 0, "num_statements": 2, "percent_covered": 0.0, "percent_covered_display": "0", "missing_lines": 2, "excluded_lines": 0}, "missing_lines": [34, 35], "excluded_lines": []}, "SQLValidator.contains_dangerous_operations": {"executed_lines": [], "summary": {"covered_lines": 0, "num_statements": 7, "percent_covered": 0.0, "percent_covered_display": "0", "missing_lines": 7, "excluded_lines": 0}, "missing_lines": [45, 46, 48, 50, 51, 52, 54], "excluded_lines": []}, "SQLValidator.validate_sql_syntax": {"executed_lines": [], "summary": {"covered_lines": 0, "num_statements": 12, "percent_covered": 0.0, "percent_covered_display": "0", "missing_lines": 12, "excluded_lines": 0}, "missing_lines": [64, 65, 67, 70, 71, 74, 75, 78, 87, 88, 89, 91], "excluded_lines": []}, "SQLValidator.clean_sql_output": {"executed_lines": [], "summary": {"covered_lines": 0, "num_statements": 16, "percent_covered": 0.0, "percent_covered_display": "0", "missing_lines": 16, "excluded_lines": 0}, "missing_lines": [101, 102, 105, 108, 111, 112, 114, 115, 117, 118, 119, 122, 123, 125, 128, 130], "excluded_lines": []}, "SQLGenerator.__init__": {"executed_lines": [141, 142, 143], "summary": {"covered_lines": 3, "num_statements": 3, "percent_covered": 100.0, "percent_covered_display": "100", "missing_lines": 0, "excluded_lines": 0}, "missing_lines": [], "excluded_lines": []}, "SQLGenerator.initialize": {"executed_lines": [147, 150, 151], "summary": {"covered_lines": 3, "num_statements": 5, "percent_covered": 60.0, "percent_covered_display": "60", "missing_lines": 2, "excluded_lines": 0}, "missing_lines": [152, 153], "excluded_lines": []}, "SQLGenerator.generate_sql": {"executed_lines": [], "summary": {"covered_lines": 0, "num_statements": 25, "percent_covered": 0.0, "percent_covered_display": "0", "missing_lines": 25, "excluded_lines": 0}, "missing_lines": [184, 186, 189, 190, 197, 198, 205, 208, 209, 210, 212, 214, 215, 217, 218, 220, 221, 223, 233, 234, 235, 237, 239, 240, 241], "excluded_lines": []}, "SQLGenerator.explain_sql": {"executed_lines": [], "summary": {"covered_lines": 0, "num_statements": 7, "percent_covered": 0.0, "percent_covered_display": "0", "missing_lines": 7, "excluded_lines": 0}, "missing_lines": [266, 267, 276, 282, 284, 285, 286], "excluded_lines": []}, "SQLGenerator.fix_sql_error": {"executed_lines": [], "summary": {"covered_lines": 0, "num_statements": 9, "percent_covered": 0.0, "percent_covered_display": "0", "missing_lines": 9, "excluded_lines": 0}, "missing_lines": [307, 308, 323, 329, 330, 332, 339, 340, 341], "excluded_lines": []}, "SQLGenerator.generate_multi_database_sql": {"executed_lines": [], "summary": {"covered_lines": 0, "num_statements": 34, "percent_covered": 0.0, "percent_covered_display": "0", "missing_lines": 34, "excluded_lines": 0}, "missing_lines": [372, 373, 376, 381, 387, 388, 395, 398, 399, 400, 402, 403, 405, 406, 407, 409, 410, 412, 413, 414, 416, 417, 418, 419, 421, 422, 426, 436, 437, 438, 440, 442, 443, 444], "excluded_lines": []}, "SQLGenerator._parse_multi_db_output": {"executed_lines": [], "summary": {"covered_lines": 0, "num_statements": 25, "percent_covered": 0.0, "percent_covered_display": "0", "missing_lines": 25, "excluded_lines": 0}, "missing_lines": [468, 469, 470, 472, 474, 475, 478, 480, 481, 482, 483, 484, 487, 489, 491, 492, 494, 497, 498, 499, 500, 503, 504, 505, 507], "excluded_lines": []}, "": {"executed_lines": [1, 2, 3, 4, 5, 6, 14, 16, 19, 20, 23, 29, 31, 32, 37, 38, 56, 57, 93, 94, 133, 134, 136, 145, 155, 251, 288, 348, 454], "summary": {"covered_lines": 26, "num_statements": 26, "percent_covered": 100.0, "percent_covered_display": "100", "missing_lines": 0, "excluded_lines": 0}, "missing_lines": [], "excluded_lines": []}}, "classes": {"SQLValidator": {"executed_lines": [], "summary": {"covered_lines": 0, "num_statements": 37, "percent_covered": 0.0, "percent_covered_display": "0", "missing_lines": 37, "excluded_lines": 0}, "missing_lines": [34, 35, 45, 46, 48, 50, 51, 52, 54, 64, 65, 67, 70, 71, 74, 75, 78, 87, 88, 89, 91, 101, 102, 105, 108, 111, 112, 114, 115, 117, 118, 119, 122, 123, 125, 128, 130], "excluded_lines": []}, "SQLGenerator": {"executed_lines": [141, 142, 143, 147, 150, 151], "summary": {"covered_lines": 6, "num_statements": 108, "percent_covered": 5.555555555555555, "percent_covered_display": "6", "missing_lines": 102, "excluded_lines": 0}, "missing_lines": [152, 153, 184, 186, 189, 190, 197, 198, 205, 208, 209, 210, 212, 214, 215, 217, 218, 220, 221, 223, 233, 234, 235, 237, 239, 240, 241, 266, 267, 276, 282, 284, 285, 286, 307, 308, 323, 329, 330, 332, 339, 340, 341, 372, 373, 376, 381, 387, 388, 395, 398, 399, 400, 402, 403, 405, 406, 407, 409, 410, 412, 413, 414, 416, 417, 418, 419, 421, 422, 426, 436, 437, 438, 440, 442, 443, 444, 468, 469, 470, 472, 474, 475, 478, 480, 481, 482, 483, 484, 487, 489, 491, 492, 494, 497, 498, 499, 500, 503, 504, 505, 507], "excluded_lines": []}, "": {"executed_lines": [1, 2, 3, 4, 5, 6, 14, 16, 19, 20, 23, 29, 31, 32, 37, 38, 56, 57, 93, 94, 133, 134, 136, 145, 155, 251, 288, 348, 454], "summary": {"covered_lines": 26, "num_statements": 26, "percent_covered": 100.0, "percent_covered_display": "100", "missing_lines": 0, "excluded_lines": 0}, "missing_lines": [], "excluded_lines": []}}}, "src/main.py": {"executed_lines": [1, 2, 3, 4, 5, 7, 8, 9, 10, 11, 14, 18, 21, 22, 54, 62, 71, 78, 79, 80, 81, 82, 83, 84, 85, 86, 88], "summary": {"covered_lines": 26, "num_statements": 46, "percent_covered": 56.52173913043478, "percent_covered_display": "57", "missing_lines": 20, "excluded_lines": 0}, "missing_lines": [25, 27, 30, 31, 32, 33, 34, 37, 38, 39, 40, 42, 44, 47, 48, 49, 50, 89, 90, 96], "excluded_lines": [], "functions": {"lifespan": {"executed_lines": [], "summary": {"covered_lines": 0, "num_statements": 17, "percent_covered": 0.0, "percent_covered_display": "0", "missing_lines": 17, "excluded_lines": 0}, "missing_lines": [25, 27, 30, 31, 32, 33, 34, 37, 38, 39, 40, 42, 44, 47, 48, 49, 50], "excluded_lines": []}, "": {"executed_lines": [1, 2, 3, 4, 5, 7, 8, 9, 10, 11, 14, 18, 21, 22, 54, 62, 71, 78, 79, 80, 81, 82, 83, 84, 85, 86, 88], "summary": {"covered_lines": 26, "num_statements": 29, "percent_covered": 89.65517241379311, "percent_covered_display": "90", "missing_lines": 3, "excluded_lines": 0}, "missing_lines": [89, 90, 96], "excluded_lines": []}}, "classes": {"": {"executed_lines": [1, 2, 3, 4, 5, 7, 8, 9, 10, 11, 14, 18, 21, 22, 54, 62, 71, 78, 79, 80, 81, 82, 83, 84, 85, 86, 88], "summary": {"covered_lines": 26, "num_statements": 46, "percent_covered": 56.52173913043478, "percent_covered_display": "57", "missing_lines": 20, "excluded_lines": 0}, "missing_lines": [25, 27, 30, 31, 32, 33, 34, 37, 38, 39, 40, 42, 44, 47, 48, 49, 50, 89, 90, 96], "excluded_lines": []}}}, "src/middleware/__init__.py": {"executed_lines": [1, 2, 4], "summary": {"covered_lines": 2, "num_statements": 2, "percent_covered": 100.0, "percent_covered_display": "100", "missing_lines": 0, "excluded_lines": 0}, "missing_lines": [], "excluded_lines": [], "functions": {"": {"executed_lines": [1, 2, 4], "summary": {"covered_lines": 2, "num_statements": 2, "percent_covered": 100.0, "percent_covered_display": "100", "missing_lines": 0, "excluded_lines": 0}, "missing_lines": [], "excluded_lines": []}}, "classes": {"": {"executed_lines": [1, 2, 4], "summary": {"covered_lines": 2, "num_statements": 2, "percent_covered": 100.0, "percent_covered_display": "100", "missing_lines": 0, "excluded_lines": 0}, "missing_lines": [], "excluded_lines": []}}}, "src/middleware/rate_limit.py": {"executed_lines": [1, 2, 3, 4, 5, 6, 7, 9, 12, 13, 19, 28, 29, 30, 31, 33, 37, 38, 101, 102, 108, 121], "summary": {"covered_lines": 19, "num_statements": 52, "percent_covered": 36.53846153846154, "percent_covered_display": "37", "missing_lines": 33, "excluded_lines": 0}, "missing_lines": [41, 44, 47, 48, 50, 53, 54, 64, 70, 72, 73, 75, 77, 87, 90, 93, 94, 95, 96, 98, 117, 118, 119, 131, 132, 136, 139, 141, 142, 145, 146, 148, 149], "excluded_lines": [], "functions": {"RateLimitMiddleware.__init__": {"executed_lines": [28, 29, 30, 31], "summary": {"covered_lines": 4, "num_statements": 4, "percent_covered": 100.0, "percent_covered_display": "100", "missing_lines": 0, "excluded_lines": 0}, "missing_lines": [], "excluded_lines": []}, "RateLimitMiddleware.dispatch": {"executed_lines": [37, 38], "summary": {"covered_lines": 2, "num_statements": 22, "percent_covered": 9.090909090909092, "percent_covered_display": "9", "missing_lines": 20, "excluded_lines": 0}, "missing_lines": [41, 44, 47, 48, 50, 53, 54, 64, 70, 72, 73, 75, 77, 87, 90, 93, 94, 95, 96, 98], "excluded_lines": []}, "RedisRateLimiter.__init__": {"executed_lines": [], "summary": {"covered_lines": 0, "num_statements": 3, "percent_covered": 0.0, "percent_covered_display": "0", "missing_lines": 3, "excluded_lines": 0}, "missing_lines": [117, 118, 119], "excluded_lines": []}, "RedisRateLimiter.is_allowed": {"executed_lines": [], "summary": {"covered_lines": 0, "num_statements": 10, "percent_covered": 0.0, "percent_covered_display": "0", "missing_lines": 10, "excluded_lines": 0}, "missing_lines": [131, 132, 136, 139, 141, 142, 145, 146, 148, 149], "excluded_lines": []}, "": {"executed_lines": [1, 2, 3, 4, 5, 6, 7, 9, 12, 13, 19, 33, 101, 102, 108, 121], "summary": {"covered_lines": 13, "num_statements": 13, "percent_covered": 100.0, "percent_covered_display": "100", "missing_lines": 0, "excluded_lines": 0}, "missing_lines": [], "excluded_lines": []}}, "classes": {"RateLimitMiddleware": {"executed_lines": [28, 29, 30, 31, 37, 38], "summary": {"covered_lines": 6, "num_statements": 26, "percent_covered": 23.076923076923077, "percent_covered_display": "23", "missing_lines": 20, "excluded_lines": 0}, "missing_lines": [41, 44, 47, 48, 50, 53, 54, 64, 70, 72, 73, 75, 77, 87, 90, 93, 94, 95, 96, 98], "excluded_lines": []}, "RedisRateLimiter": {"executed_lines": [], "summary": {"covered_lines": 0, "num_statements": 13, "percent_covered": 0.0, "percent_covered_display": "0", "missing_lines": 13, "excluded_lines": 0}, "missing_lines": [117, 118, 119, 131, 132, 136, 139, 141, 142, 145, 146, 148, 149], "excluded_lines": []}, "": {"executed_lines": [1, 2, 3, 4, 5, 6, 7, 9, 12, 13, 19, 33, 101, 102, 108, 121], "summary": {"covered_lines": 13, "num_statements": 13, "percent_covered": 100.0, "percent_covered_display": "100", "missing_lines": 0, "excluded_lines": 0}, "missing_lines": [], "excluded_lines": []}}}, "src/models/__init__.py": {"executed_lines": [1, 2, 10], "summary": {"covered_lines": 2, "num_statements": 2, "percent_covered": 100.0, "percent_covered_display": "100", "missing_lines": 0, "excluded_lines": 0}, "missing_lines": [], "excluded_lines": [], "functions": {"": {"executed_lines": [1, 2, 10], "summary": {"covered_lines": 2, "num_statements": 2, "percent_covered": 100.0, "percent_covered_display": "100", "missing_lines": 0, "excluded_lines": 0}, "missing_lines": [], "excluded_lines": []}}, "classes": {"": {"executed_lines": [1, 2, 10], "summary": {"covered_lines": 2, "num_statements": 2, "percent_covered": 100.0, "percent_covered_display": "100", "missing_lines": 0, "excluded_lines": 0}, "missing_lines": [], "excluded_lines": []}}}, "src/models/schemas.py": {"executed_lines": [1, 2, 3, 4, 7, 8, 9, 16, 21, 25, 30, 34, 39, 40, 46, 47, 48, 52, 56, 60, 64, 68, 72, 76, 80, 84, 88, 93, 94, 114, 115, 116, 121, 127, 128, 129, 130, 131, 134, 135, 136, 137, 138, 139, 140, 141, 142, 143, 144, 145, 146, 148, 149, 152, 153, 154, 155, 156, 160, 164, 165, 179, 180, 181, 182, 183, 185, 186, 195, 196, 197, 198, 199, 203], "summary": {"covered_lines": 65, "num_statements": 68, "percent_covered": 95.58823529411765, "percent_covered_display": "96", "missing_lines": 3, "excluded_lines": 0}, "missing_lines": [41, 42, 43], "excluded_lines": [], "functions": {"QueryRequest.question_not_empty": {"executed_lines": [], "summary": {"covered_lines": 0, "num_statements": 3, "percent_covered": 0.0, "percent_covered_display": "0", "missing_lines": 3, "excluded_lines": 0}, "missing_lines": [41, 42, 43], "excluded_lines": []}, "": {"executed_lines": [1, 2, 3, 4, 7, 8, 9, 16, 21, 25, 30, 34, 39, 40, 46, 47, 48, 52, 56, 60, 64, 68, 72, 76, 80, 84, 88, 93, 94, 114, 115, 116, 121, 127, 128, 129, 130, 131, 134, 135, 136, 137, 138, 139, 140, 141, 142, 143, 144, 145, 146, 148, 149, 152, 153, 154, 155, 156, 160, 164, 165, 179, 180, 181, 182, 183, 185, 186, 195, 196, 197, 198, 199, 203], "summary": {"covered_lines": 65, "num_statements": 65, "percent_covered": 100.0, "percent_covered_display": "100", "missing_lines": 0, "excluded_lines": 0}, "missing_lines": [], "excluded_lines": []}}, "classes": {"QueryRequest": {"executed_lines": [], "summary": {"covered_lines": 0, "num_statements": 3, "percent_covered": 0.0, "percent_covered_display": "0", "missing_lines": 3, "excluded_lines": 0}, "missing_lines": [41, 42, 43], "excluded_lines": []}, "QueryResponse": {"executed_lines": [], "summary": {"covered_lines": 0, "num_statements": 0, "percent_covered": 100.0, "percent_covered_display": "100", "missing_lines": 0, "excluded_lines": 0}, "missing_lines": [], "excluded_lines": []}, "QueryResponse.Config": {"executed_lines": [], "summary": {"covered_lines": 0, "num_statements": 0, "percent_covered": 100.0, "percent_covered_display": "100", "missing_lines": 0, "excluded_lines": 0}, "missing_lines": [], "excluded_lines": []}, "ExplainRequest": {"executed_lines": [], "summary": {"covered_lines": 0, "num_statements": 0, "percent_covered": 100.0, "percent_covered_display": "100", "missing_lines": 0, "excluded_lines": 0}, "missing_lines": [], "excluded_lines": []}, "ExplainResponse": {"executed_lines": [], "summary": {"covered_lines": 0, "num_statements": 0, "percent_covered": 100.0, "percent_covered_display": "100", "missing_lines": 0, "excluded_lines": 0}, "missing_lines": [], "excluded_lines": []}, "QueryHistoryResponse": {"executed_lines": [], "summary": {"covered_lines": 0, "num_statements": 0, "percent_covered": 100.0, "percent_covered_display": "100", "missing_lines": 0, "excluded_lines": 0}, "missing_lines": [], "excluded_lines": []}, "QueryHistoryResponse.Config": {"executed_lines": [], "summary": {"covered_lines": 0, "num_statements": 0, "percent_covered": 100.0, "percent_covered_display": "100", "missing_lines": 0, "excluded_lines": 0}, "missing_lines": [], "excluded_lines": []}, "HealthCheckResponse": {"executed_lines": [], "summary": {"covered_lines": 0, "num_statements": 0, "percent_covered": 100.0, "percent_covered_display": "100", "missing_lines": 0, "excluded_lines": 0}, "missing_lines": [], "excluded_lines": []}, "HealthCheckResponse.Config": {"executed_lines": [], "summary": {"covered_lines": 0, "num_statements": 0, "percent_covered": 100.0, "percent_covered_display": "100", "missing_lines": 0, "excluded_lines": 0}, "missing_lines": [], "excluded_lines": []}, "ErrorResponse": {"executed_lines": [], "summary": {"covered_lines": 0, "num_statements": 0, "percent_covered": 100.0, "percent_covered_display": "100", "missing_lines": 0, "excluded_lines": 0}, "missing_lines": [], "excluded_lines": []}, "ErrorResponse.Config": {"executed_lines": [], "summary": {"covered_lines": 0, "num_statements": 0, "percent_covered": 100.0, "percent_covered_display": "100", "missing_lines": 0, "excluded_lines": 0}, "missing_lines": [], "excluded_lines": []}, "StatsResponse": {"executed_lines": [], "summary": {"covered_lines": 0, "num_statements": 0, "percent_covered": 100.0, "percent_covered_display": "100", "missing_lines": 0, "excluded_lines": 0}, "missing_lines": [], "excluded_lines": []}, "": {"executed_lines": [1, 2, 3, 4, 7, 8, 9, 16, 21, 25, 30, 34, 39, 40, 46, 47, 48, 52, 56, 60, 64, 68, 72, 76, 80, 84, 88, 93, 94, 114, 115, 116, 121, 127, 128, 129, 130, 131, 134, 135, 136, 137, 138, 139, 140, 141, 142, 143, 144, 145, 146, 148, 149, 152, 153, 154, 155, 156, 160, 164, 165, 179, 180, 181, 182, 183, 185, 186, 195, 196, 197, 198, 199, 203], "summary": {"covered_lines": 65, "num_statements": 65, "percent_covered": 100.0, "percent_covered_display": "100", "missing_lines": 0, "excluded_lines": 0}, "missing_lines": [], "excluded_lines": []}}}}, "totals": {"covered_lines": 1454, "num_statements": 3185, "percent_covered": 45.65149136577708, "percent_covered_display": "46", "missing_lines": 1731, "excluded_lines": 1}}